2022-07-14 10:14:06.0012|0|DEBUG|Program|init main 
2022-07-14 10:14:12.7888|14|INFO|Microsoft.Hosting.Lifetime|Now listening on: http://localhost:5094 
2022-07-14 10:14:13.3026|0|INFO|Microsoft.Hosting.Lifetime|Application started. Press Ctrl+C to shut down. 
2022-07-14 10:14:13.3173|0|INFO|Microsoft.Hosting.Lifetime|Hosting environment: Development 
2022-07-14 10:14:13.3319|0|INFO|Microsoft.Hosting.Lifetime|Content root path: C:\Users\Radhe\Documents\GitHub\Backup\ERD Phase 1 last backup\ERD\ERD\ 
2022-07-14 10:14:16.2718|3|WARN|Microsoft.AspNetCore.HttpsPolicy.HttpsRedirectionMiddleware|Failed to determine the https port for redirect. 
2022-07-14 10:14:25.1542|1|DEBUG|ERD.Controllers.HomeController|NLog injected into HomeController 
2022-07-14 10:15:48.0146|1|DEBUG|ERD.Controllers.VenuesController|NLog injected into Venues Controller 
2022-07-14 10:15:50.5103|1|DEBUG|ERD.Controllers.HomeController|NLog injected into HomeController 
2022-07-14 10:15:58.3944|1|DEBUG|ERD.Controllers.HomeController|NLog injected into HomeController 
2022-07-14 10:15:59.1235|1|DEBUG|ERD.Controllers.HomeController|NLog injected into HomeController 
2022-07-14 11:50:01.2107|0|DEBUG|Program|init main 
2022-07-14 11:50:06.1131|14|INFO|Microsoft.Hosting.Lifetime|Now listening on: http://localhost:5094 
2022-07-14 11:50:06.2761|0|INFO|Microsoft.Hosting.Lifetime|Application started. Press Ctrl+C to shut down. 
2022-07-14 11:50:06.2761|0|INFO|Microsoft.Hosting.Lifetime|Hosting environment: Development 
2022-07-14 11:50:06.2761|0|INFO|Microsoft.Hosting.Lifetime|Content root path: C:\Users\Radhe\Documents\GitHub\Backup\ERD Phase 1 last backup\ERD\ERD\ 
2022-07-14 11:50:11.0721|3|WARN|Microsoft.AspNetCore.HttpsPolicy.HttpsRedirectionMiddleware|Failed to determine the https port for redirect. 
2022-07-14 11:50:19.9498|1|DEBUG|ERD.Controllers.HomeController|NLog injected into HomeController 
2022-07-14 11:50:47.5468|1|DEBUG|ERD.Controllers.HomeController|NLog injected into HomeController 
2022-07-14 12:02:03.1735|0|DEBUG|Program|init main 
2022-07-14 12:02:10.4758|14|INFO|Microsoft.Hosting.Lifetime|Now listening on: http://localhost:5094 
2022-07-14 12:02:10.5847|0|INFO|Microsoft.Hosting.Lifetime|Application started. Press Ctrl+C to shut down. 
2022-07-14 12:02:10.6164|0|INFO|Microsoft.Hosting.Lifetime|Hosting environment: Development 
2022-07-14 12:02:10.6400|0|INFO|Microsoft.Hosting.Lifetime|Content root path: C:\Users\Radhe\Documents\GitHub\Backup\ERD Phase 1 last backup\ERD\ERD\ 
2022-07-14 12:02:13.8261|3|WARN|Microsoft.AspNetCore.HttpsPolicy.HttpsRedirectionMiddleware|Failed to determine the https port for redirect. 
2022-07-14 12:02:15.1070|1|DEBUG|ERD.Controllers.HomeController|NLog injected into HomeController 
2022-07-14 12:24:52.0282|0|DEBUG|Program|init main 
2022-07-14 12:24:57.6215|14|INFO|Microsoft.Hosting.Lifetime|Now listening on: http://localhost:5094 
2022-07-14 12:24:57.7447|0|INFO|Microsoft.Hosting.Lifetime|Application started. Press Ctrl+C to shut down. 
2022-07-14 12:24:57.7638|0|INFO|Microsoft.Hosting.Lifetime|Hosting environment: Development 
2022-07-14 12:24:57.7771|0|INFO|Microsoft.Hosting.Lifetime|Content root path: C:\Users\Radhe\Documents\GitHub\Backup\ERD Phase 1 last backup\ERD\ERD\ 
2022-07-14 12:25:02.0715|3|WARN|Microsoft.AspNetCore.HttpsPolicy.HttpsRedirectionMiddleware|Failed to determine the https port for redirect. 
2022-07-14 12:25:09.8430|1|DEBUG|ERD.Controllers.HomeController|NLog injected into HomeController 
2022-07-14 12:26:32.2773|0|DEBUG|Program|init main 
2022-07-14 12:26:37.8264|14|INFO|Microsoft.Hosting.Lifetime|Now listening on: http://localhost:5094 
2022-07-14 12:26:37.8974|0|INFO|Microsoft.Hosting.Lifetime|Application started. Press Ctrl+C to shut down. 
2022-07-14 12:26:37.9101|0|INFO|Microsoft.Hosting.Lifetime|Hosting environment: Development 
2022-07-14 12:26:37.9101|0|INFO|Microsoft.Hosting.Lifetime|Content root path: C:\Users\Radhe\Documents\GitHub\Backup\ERD Phase 1 last backup\ERD\ERD\ 
2022-07-14 12:26:41.5008|3|WARN|Microsoft.AspNetCore.HttpsPolicy.HttpsRedirectionMiddleware|Failed to determine the https port for redirect. 
2022-07-14 12:26:42.3244|1|DEBUG|ERD.Controllers.HomeController|NLog injected into HomeController 
2022-07-14 12:28:27.6555|0|DEBUG|Program|init main 
2022-07-14 12:28:33.2211|14|INFO|Microsoft.Hosting.Lifetime|Now listening on: http://localhost:5094 
2022-07-14 12:28:33.3164|0|INFO|Microsoft.Hosting.Lifetime|Application started. Press Ctrl+C to shut down. 
2022-07-14 12:28:33.3383|0|INFO|Microsoft.Hosting.Lifetime|Hosting environment: Development 
2022-07-14 12:28:33.4646|0|INFO|Microsoft.Hosting.Lifetime|Content root path: C:\Users\Radhe\Documents\GitHub\Backup\ERD Phase 1 last backup\ERD\ERD\ 
2022-07-14 12:28:35.9437|3|WARN|Microsoft.AspNetCore.HttpsPolicy.HttpsRedirectionMiddleware|Failed to determine the https port for redirect. 
2022-07-14 12:28:36.9854|1|DEBUG|ERD.Controllers.HomeController|NLog injected into HomeController 
2022-07-14 13:05:19.5691|0|DEBUG|Program|init main 
2022-07-14 13:05:30.4154|14|INFO|Microsoft.Hosting.Lifetime|Now listening on: http://localhost:5094 
2022-07-14 13:05:30.5091|0|INFO|Microsoft.Hosting.Lifetime|Application started. Press Ctrl+C to shut down. 
2022-07-14 13:05:30.5234|0|INFO|Microsoft.Hosting.Lifetime|Hosting environment: Development 
2022-07-14 13:05:30.5387|0|INFO|Microsoft.Hosting.Lifetime|Content root path: C:\Users\Radhe\Documents\GitHub\Backup\ERD Phase 1 last backup\ERD\ERD\ 
2022-07-14 13:05:34.2418|3|WARN|Microsoft.AspNetCore.HttpsPolicy.HttpsRedirectionMiddleware|Failed to determine the https port for redirect. 
2022-07-14 13:05:45.4385|1|DEBUG|ERD.Controllers.HomeController|NLog injected into HomeController 
2022-07-14 13:06:24.3100|1|DEBUG|ERD.Controllers.HomeController|NLog injected into HomeController 
2022-07-14 13:06:26.2012|1|DEBUG|ERD.Controllers.HomeController|NLog injected into HomeController 
2022-07-14 13:07:15.6622|1|DEBUG|ERD.Controllers.HomeController|NLog injected into HomeController 
2022-07-14 14:37:26.7850|0|DEBUG|Program|init main 
2022-07-14 14:37:33.5237|14|INFO|Microsoft.Hosting.Lifetime|Now listening on: http://localhost:5094 
2022-07-14 14:37:33.6188|0|INFO|Microsoft.Hosting.Lifetime|Application started. Press Ctrl+C to shut down. 
2022-07-14 14:37:33.6335|0|INFO|Microsoft.Hosting.Lifetime|Hosting environment: Development 
2022-07-14 14:37:33.6335|0|INFO|Microsoft.Hosting.Lifetime|Content root path: C:\Users\Radhe\Documents\GitHub\Backup\ERD Phase 1 last backup\ERD\ERD\ 
2022-07-14 14:37:39.5754|3|WARN|Microsoft.AspNetCore.HttpsPolicy.HttpsRedirectionMiddleware|Failed to determine the https port for redirect. 
2022-07-14 14:38:02.4091|1|DEBUG|ERD.Controllers.HomeController|NLog injected into HomeController 
2022-07-14 14:38:51.9365|1|DEBUG|ERD.Controllers.HomeController|NLog injected into HomeController 
2022-07-14 14:39:30.9745|0|DEBUG|Program|init main 
2022-07-14 14:39:36.9270|14|INFO|Microsoft.Hosting.Lifetime|Now listening on: http://localhost:5094 
2022-07-14 14:39:36.9999|0|INFO|Microsoft.Hosting.Lifetime|Application started. Press Ctrl+C to shut down. 
2022-07-14 14:39:37.0049|0|INFO|Microsoft.Hosting.Lifetime|Hosting environment: Development 
2022-07-14 14:39:37.0049|0|INFO|Microsoft.Hosting.Lifetime|Content root path: C:\Users\Radhe\Documents\GitHub\Backup\ERD Phase 1 last backup\ERD\ERD\ 
2022-07-14 14:39:40.5424|3|WARN|Microsoft.AspNetCore.HttpsPolicy.HttpsRedirectionMiddleware|Failed to determine the https port for redirect. 
2022-07-14 14:39:41.6075|1|DEBUG|ERD.Controllers.HomeController|NLog injected into HomeController 
2022-07-14 14:40:32.6964|1|DEBUG|ERD.Controllers.HomeController|NLog injected into HomeController 
2022-07-14 14:40:40.8161|1|DEBUG|ERD.Controllers.HomeController|NLog injected into HomeController 
2022-07-14 14:40:41.2090|1|DEBUG|ERD.Controllers.HomeController|NLog injected into HomeController 
2022-07-14 14:41:16.4438|0|DEBUG|Program|init main 
2022-07-14 14:41:21.1291|14|INFO|Microsoft.Hosting.Lifetime|Now listening on: http://localhost:5094 
2022-07-14 14:41:21.1804|0|INFO|Microsoft.Hosting.Lifetime|Application started. Press Ctrl+C to shut down. 
2022-07-14 14:41:21.1804|0|INFO|Microsoft.Hosting.Lifetime|Hosting environment: Development 
2022-07-14 14:41:21.1804|0|INFO|Microsoft.Hosting.Lifetime|Content root path: C:\Users\Radhe\Documents\GitHub\Backup\ERD Phase 1 last backup\ERD\ERD\ 
2022-07-14 14:41:23.8584|3|WARN|Microsoft.AspNetCore.HttpsPolicy.HttpsRedirectionMiddleware|Failed to determine the https port for redirect. 
2022-07-14 14:41:25.0070|1|DEBUG|ERD.Controllers.HomeController|NLog injected into HomeController 
2022-07-14 14:41:34.6688|1|DEBUG|ERD.Controllers.HomeController|NLog injected into HomeController 
2022-07-14 14:41:35.0685|1|DEBUG|ERD.Controllers.HomeController|NLog injected into HomeController 
2022-07-14 14:41:45.9891|1|DEBUG|ERD.Controllers.HomeController|NLog injected into HomeController 
2022-07-14 14:41:46.2038|1|DEBUG|ERD.Controllers.HomeController|NLog injected into HomeController 
2022-07-14 14:50:47.5746|0|DEBUG|Program|init main 
2022-07-14 14:50:52.2327|14|INFO|Microsoft.Hosting.Lifetime|Now listening on: http://localhost:5094 
2022-07-14 14:50:52.2745|0|INFO|Microsoft.Hosting.Lifetime|Application started. Press Ctrl+C to shut down. 
2022-07-14 14:50:52.2745|0|INFO|Microsoft.Hosting.Lifetime|Hosting environment: Development 
2022-07-14 14:50:52.2745|0|INFO|Microsoft.Hosting.Lifetime|Content root path: C:\Users\Radhe\Documents\GitHub\Backup\ERD Phase 1 last backup\ERD\ERD\ 
2022-07-14 14:50:54.1902|3|WARN|Microsoft.AspNetCore.HttpsPolicy.HttpsRedirectionMiddleware|Failed to determine the https port for redirect. 
2022-07-14 14:50:55.0350|1|DEBUG|ERD.Controllers.HomeController|NLog injected into HomeController 
2022-07-14 14:52:00.1685|0|DEBUG|Program|init main 
2022-07-14 14:52:22.7108|14|INFO|Microsoft.Hosting.Lifetime|Now listening on: http://localhost:5094 
2022-07-14 14:52:22.8343|0|INFO|Microsoft.Hosting.Lifetime|Application started. Press Ctrl+C to shut down. 
2022-07-14 14:52:22.8475|0|INFO|Microsoft.Hosting.Lifetime|Hosting environment: Development 
2022-07-14 14:52:22.8475|0|INFO|Microsoft.Hosting.Lifetime|Content root path: C:\Users\Radhe\Documents\GitHub\Backup\ERD Phase 1 last backup\ERD\ERD\ 
2022-07-14 14:52:26.4210|3|WARN|Microsoft.AspNetCore.HttpsPolicy.HttpsRedirectionMiddleware|Failed to determine the https port for redirect. 
2022-07-14 14:52:27.8324|1|DEBUG|ERD.Controllers.HomeController|NLog injected into HomeController 
2022-07-14 14:58:06.4886|0|DEBUG|Program|init main 
2022-07-14 14:58:20.8255|14|INFO|Microsoft.Hosting.Lifetime|Now listening on: http://localhost:5094 
2022-07-14 14:58:20.9011|0|INFO|Microsoft.Hosting.Lifetime|Application started. Press Ctrl+C to shut down. 
2022-07-14 14:58:20.9103|0|INFO|Microsoft.Hosting.Lifetime|Hosting environment: Development 
2022-07-14 14:58:20.9103|0|INFO|Microsoft.Hosting.Lifetime|Content root path: C:\Users\Radhe\Documents\GitHub\Backup\ERD Phase 1 last backup\ERD\ERD\ 
2022-07-14 14:58:23.7113|3|WARN|Microsoft.AspNetCore.HttpsPolicy.HttpsRedirectionMiddleware|Failed to determine the https port for redirect. 
2022-07-14 14:58:24.9543|1|DEBUG|ERD.Controllers.HomeController|NLog injected into HomeController 
2022-07-14 14:58:48.9582|1|DEBUG|ERD.Controllers.HomeController|NLog injected into HomeController 
2022-07-14 14:58:49.3758|1|DEBUG|ERD.Controllers.HomeController|NLog injected into HomeController 
2022-07-14 14:59:01.1442|1|DEBUG|ERD.Controllers.HomeController|NLog injected into HomeController 
2022-07-14 14:59:01.4353|1|DEBUG|ERD.Controllers.HomeController|NLog injected into HomeController 
2022-07-14 14:59:03.9009|1|DEBUG|ERD.Controllers.HomeController|NLog injected into HomeController 
2022-07-14 14:59:04.2345|1|DEBUG|ERD.Controllers.HomeController|NLog injected into HomeController 
2022-07-14 14:59:11.3099|1|DEBUG|ERD.Controllers.HomeController|NLog injected into HomeController 
2022-07-14 14:59:11.5644|1|DEBUG|ERD.Controllers.HomeController|NLog injected into HomeController 
2022-07-14 14:59:12.8048|1|DEBUG|ERD.Controllers.HomeController|NLog injected into HomeController 
2022-07-14 14:59:13.0929|1|DEBUG|ERD.Controllers.HomeController|NLog injected into HomeController 
2022-07-14 14:59:13.4893|1|DEBUG|ERD.Controllers.HomeController|NLog injected into HomeController 
2022-07-14 14:59:13.7848|1|DEBUG|ERD.Controllers.HomeController|NLog injected into HomeController 
2022-07-14 14:59:15.8199|1|DEBUG|ERD.Controllers.HomeController|NLog injected into HomeController 
2022-07-14 14:59:15.9684|1|DEBUG|ERD.Controllers.HomeController|NLog injected into HomeController 
2022-07-14 14:59:17.6945|1|DEBUG|ERD.Controllers.HomeController|NLog injected into HomeController 
2022-07-14 14:59:17.8731|1|DEBUG|ERD.Controllers.HomeController|NLog injected into HomeController 
2022-07-14 14:59:30.5953|1|DEBUG|ERD.Controllers.HomeController|NLog injected into HomeController 
2022-07-14 14:59:30.7990|1|DEBUG|ERD.Controllers.HomeController|NLog injected into HomeController 
2022-07-14 14:59:31.4939|1|DEBUG|ERD.Controllers.HomeController|NLog injected into HomeController 
2022-07-14 14:59:31.6968|1|DEBUG|ERD.Controllers.HomeController|NLog injected into HomeController 
2022-07-14 15:07:04.5383|0|DEBUG|Program|init main 
2022-07-14 15:07:11.6357|14|INFO|Microsoft.Hosting.Lifetime|Now listening on: http://localhost:5094 
2022-07-14 15:07:11.7045|0|INFO|Microsoft.Hosting.Lifetime|Application started. Press Ctrl+C to shut down. 
2022-07-14 15:07:11.7095|0|INFO|Microsoft.Hosting.Lifetime|Hosting environment: Development 
2022-07-14 15:07:11.7095|0|INFO|Microsoft.Hosting.Lifetime|Content root path: C:\Users\Radhe\Documents\GitHub\Backup\ERD Phase 1 last backup\ERD\ERD\ 
2022-07-14 15:07:14.9441|3|WARN|Microsoft.AspNetCore.HttpsPolicy.HttpsRedirectionMiddleware|Failed to determine the https port for redirect. 
2022-07-14 15:07:16.7108|1|DEBUG|ERD.Controllers.HomeController|NLog injected into HomeController 
2022-07-14 15:07:48.5802|1|DEBUG|ERD.Controllers.HomeController|NLog injected into HomeController 
2022-07-14 15:16:38.4593|0|DEBUG|Program|init main 
2022-07-14 15:16:45.8740|14|INFO|Microsoft.Hosting.Lifetime|Now listening on: http://localhost:5094 
2022-07-14 15:16:45.9610|0|INFO|Microsoft.Hosting.Lifetime|Application started. Press Ctrl+C to shut down. 
2022-07-14 15:16:45.9788|0|INFO|Microsoft.Hosting.Lifetime|Hosting environment: Development 
2022-07-14 15:16:45.9982|0|INFO|Microsoft.Hosting.Lifetime|Content root path: C:\Users\Radhe\Documents\GitHub\Backup\ERD Phase 1 last backup\ERD\ERD\ 
2022-07-14 15:16:49.0863|3|WARN|Microsoft.AspNetCore.HttpsPolicy.HttpsRedirectionMiddleware|Failed to determine the https port for redirect. 
2022-07-14 15:16:59.6935|1|DEBUG|ERD.Controllers.HomeController|NLog injected into HomeController 
2022-07-14 15:17:29.0581|1|DEBUG|ERD.Controllers.HomeController|NLog injected into HomeController 
2022-07-14 15:17:29.5306|1|DEBUG|ERD.Controllers.HomeController|NLog injected into HomeController 
2022-07-14 15:17:32.4522|1|DEBUG|ERD.Controllers.HomeController|NLog injected into HomeController 
2022-07-14 15:17:32.7526|1|DEBUG|ERD.Controllers.HomeController|NLog injected into HomeController 
2022-07-14 15:17:38.3801|1|DEBUG|ERD.Controllers.HomeController|NLog injected into HomeController 
2022-07-14 15:17:38.6163|1|DEBUG|ERD.Controllers.HomeController|NLog injected into HomeController 
2022-07-14 15:17:39.4477|1|DEBUG|ERD.Controllers.HomeController|NLog injected into HomeController 
2022-07-14 15:17:39.7244|1|DEBUG|ERD.Controllers.HomeController|NLog injected into HomeController 
2022-07-14 15:17:40.7778|1|DEBUG|ERD.Controllers.HomeController|NLog injected into HomeController 
2022-07-14 15:17:40.9933|1|DEBUG|ERD.Controllers.HomeController|NLog injected into HomeController 
2022-07-14 15:18:38.2789|0|DEBUG|Program|init main 
2022-07-14 15:18:44.5959|14|INFO|Microsoft.Hosting.Lifetime|Now listening on: http://localhost:5094 
2022-07-14 15:18:44.6760|0|INFO|Microsoft.Hosting.Lifetime|Application started. Press Ctrl+C to shut down. 
2022-07-14 15:18:44.6760|0|INFO|Microsoft.Hosting.Lifetime|Hosting environment: Development 
2022-07-14 15:18:44.6953|0|INFO|Microsoft.Hosting.Lifetime|Content root path: C:\Users\Radhe\Documents\GitHub\Backup\ERD Phase 1 last backup\ERD\ERD\ 
2022-07-14 15:18:45.5172|3|WARN|Microsoft.AspNetCore.HttpsPolicy.HttpsRedirectionMiddleware|Failed to determine the https port for redirect. 
2022-07-14 15:18:47.0022|1|DEBUG|ERD.Controllers.HomeController|NLog injected into HomeController 
2022-07-14 15:18:48.1354|1|DEBUG|ERD.Controllers.HomeController|NLog injected into HomeController 
2022-07-14 15:18:49.1305|1|DEBUG|ERD.Controllers.HomeController|NLog injected into HomeController 
2022-07-14 15:18:49.3729|1|DEBUG|ERD.Controllers.HomeController|NLog injected into HomeController 
2022-07-14 15:18:49.9362|1|DEBUG|ERD.Controllers.HomeController|NLog injected into HomeController 
2022-07-14 15:18:50.2354|1|DEBUG|ERD.Controllers.HomeController|NLog injected into HomeController 
2022-07-14 15:19:56.8864|0|DEBUG|Program|init main 
2022-07-14 15:20:04.0016|14|INFO|Microsoft.Hosting.Lifetime|Now listening on: http://localhost:5094 
2022-07-14 15:20:04.1234|0|INFO|Microsoft.Hosting.Lifetime|Application started. Press Ctrl+C to shut down. 
2022-07-14 15:20:04.1543|0|INFO|Microsoft.Hosting.Lifetime|Hosting environment: Development 
2022-07-14 15:20:04.2398|0|INFO|Microsoft.Hosting.Lifetime|Content root path: C:\Users\Radhe\Documents\GitHub\Backup\ERD Phase 1 last backup\ERD\ERD\ 
2022-07-14 15:20:07.9552|3|WARN|Microsoft.AspNetCore.HttpsPolicy.HttpsRedirectionMiddleware|Failed to determine the https port for redirect. 
2022-07-14 15:20:10.3562|1|DEBUG|ERD.Controllers.HomeController|NLog injected into HomeController 
2022-07-14 15:39:40.3056|0|DEBUG|Program|init main 
2022-07-14 15:39:49.8103|14|INFO|Microsoft.Hosting.Lifetime|Now listening on: http://localhost:5094 
2022-07-14 15:39:50.0747|0|INFO|Microsoft.Hosting.Lifetime|Application started. Press Ctrl+C to shut down. 
2022-07-14 15:39:50.0747|0|INFO|Microsoft.Hosting.Lifetime|Hosting environment: Development 
2022-07-14 15:39:50.0960|0|INFO|Microsoft.Hosting.Lifetime|Content root path: C:\Users\Radhe\Documents\GitHub\Backup\ERD Phase 1 last backup\ERD\ERD\ 
2022-07-14 15:39:53.9463|3|WARN|Microsoft.AspNetCore.HttpsPolicy.HttpsRedirectionMiddleware|Failed to determine the https port for redirect. 
2022-07-14 15:39:57.1008|1|DEBUG|ERD.Controllers.HomeController|NLog injected into HomeController 
2022-07-14 15:41:43.4464|0|DEBUG|Program|init main 
2022-07-14 15:41:51.8769|14|INFO|Microsoft.Hosting.Lifetime|Now listening on: http://localhost:5094 
2022-07-14 15:41:52.0450|0|INFO|Microsoft.Hosting.Lifetime|Application started. Press Ctrl+C to shut down. 
2022-07-14 15:41:52.0450|0|INFO|Microsoft.Hosting.Lifetime|Hosting environment: Development 
2022-07-14 15:41:52.0528|0|INFO|Microsoft.Hosting.Lifetime|Content root path: C:\Users\Radhe\Documents\GitHub\Backup\ERD Phase 1 last backup\ERD\ERD\ 
2022-07-14 15:41:55.7331|3|WARN|Microsoft.AspNetCore.HttpsPolicy.HttpsRedirectionMiddleware|Failed to determine the https port for redirect. 
2022-07-14 15:41:58.7337|1|DEBUG|ERD.Controllers.HomeController|NLog injected into HomeController 
2022-07-14 16:01:17.6411|0|DEBUG|Program|init main 
2022-07-14 16:01:25.8242|14|INFO|Microsoft.Hosting.Lifetime|Now listening on: http://localhost:5094 
2022-07-14 16:01:25.8992|0|INFO|Microsoft.Hosting.Lifetime|Application started. Press Ctrl+C to shut down. 
2022-07-14 16:01:25.9125|0|INFO|Microsoft.Hosting.Lifetime|Hosting environment: Development 
2022-07-14 16:01:25.9125|0|INFO|Microsoft.Hosting.Lifetime|Content root path: C:\Users\Radhe\Documents\GitHub\Backup\ERD Phase 1 last backup\ERD\ERD\ 
2022-07-14 16:01:30.0035|3|WARN|Microsoft.AspNetCore.HttpsPolicy.HttpsRedirectionMiddleware|Failed to determine the https port for redirect. 
2022-07-14 16:01:43.4541|1|DEBUG|ERD.Controllers.HomeController|NLog injected into HomeController 
2022-07-14 16:02:49.0185|0|DEBUG|Program|init main 
2022-07-14 16:02:57.7230|14|INFO|Microsoft.Hosting.Lifetime|Now listening on: http://localhost:5094 
2022-07-14 16:02:58.5266|0|INFO|Microsoft.Hosting.Lifetime|Application started. Press Ctrl+C to shut down. 
2022-07-14 16:02:58.5266|0|INFO|Microsoft.Hosting.Lifetime|Hosting environment: Development 
2022-07-14 16:02:58.5434|0|INFO|Microsoft.Hosting.Lifetime|Content root path: C:\Users\Radhe\Documents\GitHub\Backup\ERD Phase 1 last backup\ERD\ERD\ 
2022-07-14 16:03:02.5229|3|WARN|Microsoft.AspNetCore.HttpsPolicy.HttpsRedirectionMiddleware|Failed to determine the https port for redirect. 
2022-07-14 16:03:04.7103|1|DEBUG|ERD.Controllers.HomeController|NLog injected into HomeController 
2022-07-14 16:08:27.1542|0|DEBUG|Program|init main 
2022-07-14 16:08:28.8697|14|INFO|Microsoft.Hosting.Lifetime|Now listening on: http://localhost:5094 
2022-07-14 16:08:28.9128|0|INFO|Microsoft.Hosting.Lifetime|Application started. Press Ctrl+C to shut down. 
2022-07-14 16:08:28.9128|0|INFO|Microsoft.Hosting.Lifetime|Hosting environment: Development 
2022-07-14 16:08:28.9128|0|INFO|Microsoft.Hosting.Lifetime|Content root path: C:\Users\Radhe\Documents\GitHub\Backup\ERD Phase 1 last backup\ERD\ERD\ 
2022-07-14 16:08:29.3318|3|WARN|Microsoft.AspNetCore.HttpsPolicy.HttpsRedirectionMiddleware|Failed to determine the https port for redirect. 
2022-07-14 16:08:29.9187|1|DEBUG|ERD.Controllers.HomeController|NLog injected into HomeController 
2022-07-14 16:08:52.8378|0|DEBUG|Program|init main 
2022-07-14 16:08:57.7869|14|INFO|Microsoft.Hosting.Lifetime|Now listening on: http://localhost:5094 
2022-07-14 16:08:57.9583|0|INFO|Microsoft.Hosting.Lifetime|Application started. Press Ctrl+C to shut down. 
2022-07-14 16:08:57.9583|0|INFO|Microsoft.Hosting.Lifetime|Hosting environment: Development 
2022-07-14 16:08:57.9583|0|INFO|Microsoft.Hosting.Lifetime|Content root path: C:\Users\Radhe\Documents\GitHub\Backup\ERD Phase 1 last backup\ERD\ERD\ 
2022-07-14 16:09:01.0030|3|WARN|Microsoft.AspNetCore.HttpsPolicy.HttpsRedirectionMiddleware|Failed to determine the https port for redirect. 
2022-07-14 16:09:02.1098|1|DEBUG|ERD.Controllers.HomeController|NLog injected into HomeController 
2022-07-14 16:09:11.5552|1|DEBUG|ERD.Controllers.HomeController|NLog injected into HomeController 
2022-07-14 16:09:11.8482|1|DEBUG|ERD.Controllers.HomeController|NLog injected into HomeController 
2022-07-14 16:09:13.2636|1|DEBUG|ERD.Controllers.HomeController|NLog injected into HomeController 
2022-07-14 16:09:13.5002|1|DEBUG|ERD.Controllers.HomeController|NLog injected into HomeController 
2022-07-14 16:09:14.6109|1|DEBUG|ERD.Controllers.HomeController|NLog injected into HomeController 
2022-07-14 16:09:14.8544|1|DEBUG|ERD.Controllers.HomeController|NLog injected into HomeController 
2022-07-14 16:09:15.9180|1|DEBUG|ERD.Controllers.HomeController|NLog injected into HomeController 
2022-07-14 16:09:16.1456|1|DEBUG|ERD.Controllers.HomeController|NLog injected into HomeController 
2022-07-14 16:09:17.1437|1|DEBUG|ERD.Controllers.HomeController|NLog injected into HomeController 
2022-07-14 16:09:17.3335|1|DEBUG|ERD.Controllers.HomeController|NLog injected into HomeController 
2022-07-14 16:09:18.4549|1|DEBUG|ERD.Controllers.HomeController|NLog injected into HomeController 
2022-07-14 16:09:18.7779|1|DEBUG|ERD.Controllers.HomeController|NLog injected into HomeController 
2022-07-14 16:09:51.8137|0|DEBUG|Program|init main 
2022-07-14 16:09:57.0139|14|INFO|Microsoft.Hosting.Lifetime|Now listening on: http://localhost:5094 
2022-07-14 16:09:57.0882|0|INFO|Microsoft.Hosting.Lifetime|Application started. Press Ctrl+C to shut down. 
2022-07-14 16:09:57.0882|0|INFO|Microsoft.Hosting.Lifetime|Hosting environment: Development 
2022-07-14 16:09:57.1193|0|INFO|Microsoft.Hosting.Lifetime|Content root path: C:\Users\Radhe\Documents\GitHub\Backup\ERD Phase 1 last backup\ERD\ERD\ 
2022-07-14 16:09:59.6441|3|WARN|Microsoft.AspNetCore.HttpsPolicy.HttpsRedirectionMiddleware|Failed to determine the https port for redirect. 
2022-07-14 16:10:01.2477|1|DEBUG|ERD.Controllers.HomeController|NLog injected into HomeController 
2022-07-14 16:10:11.3210|1|DEBUG|ERD.Controllers.HomeController|NLog injected into HomeController 
2022-07-14 16:10:11.6004|1|DEBUG|ERD.Controllers.HomeController|NLog injected into HomeController 
2022-07-14 16:10:13.5191|1|DEBUG|ERD.Controllers.HomeController|NLog injected into HomeController 
2022-07-14 16:10:13.7327|1|DEBUG|ERD.Controllers.HomeController|NLog injected into HomeController 
2022-07-14 16:10:14.9250|1|DEBUG|ERD.Controllers.HomeController|NLog injected into HomeController 
2022-07-14 16:10:15.1651|1|DEBUG|ERD.Controllers.HomeController|NLog injected into HomeController 
2022-07-14 18:13:33.7854|0|DEBUG|Program|init main 
2022-07-14 18:13:38.7600|14|INFO|Microsoft.Hosting.Lifetime|Now listening on: http://localhost:5094 
2022-07-14 18:13:38.8913|0|INFO|Microsoft.Hosting.Lifetime|Application started. Press Ctrl+C to shut down. 
2022-07-14 18:13:38.9186|0|INFO|Microsoft.Hosting.Lifetime|Hosting environment: Development 
2022-07-14 18:13:38.9500|0|INFO|Microsoft.Hosting.Lifetime|Content root path: C:\Users\Radhe\Documents\GitHub\Backup\ERD Phase 1 last backup\ERD\ERD\ 
2022-07-14 18:13:41.6592|3|WARN|Microsoft.AspNetCore.HttpsPolicy.HttpsRedirectionMiddleware|Failed to determine the https port for redirect. 
2022-07-14 18:13:48.2925|1|DEBUG|ERD.Controllers.HomeController|NLog injected into HomeController 
