2022-06-03 11:41:04.0651|0|DEBUG|Program|init main 
2022-06-03 11:41:10.3575|14|INFO|Microsoft.Hosting.Lifetime|Now listening on: http://localhost:5094 
2022-06-03 11:41:10.4004|0|INFO|Microsoft.Hosting.Lifetime|Application started. Press Ctrl+C to shut down. 
2022-06-03 11:41:10.4004|0|INFO|Microsoft.Hosting.Lifetime|Hosting environment: Development 
2022-06-03 11:41:10.4004|0|INFO|Microsoft.Hosting.Lifetime|Content root path: C:\Users\Radhe\Documents\GitHub\Backup\ERD Phase 1 last backup\ERD\ERD\ 
2022-06-03 11:41:12.5589|3|WARN|Microsoft.AspNetCore.HttpsPolicy.HttpsRedirectionMiddleware|Failed to determine the https port for redirect. 
2022-06-03 11:41:17.6387|1|DEBUG|ERD.Controllers.HomeController|NLog injected into HomeController 
2022-06-03 11:41:17.9138|0|INFO|ERD.Controllers.HomeController|Hello, this is the index! 
2022-06-03 11:41:22.4549|1|DEBUG|ERD.Controllers.EnrollmentsController|NLog injected Enrollments Controller 
2022-06-03 11:41:24.2169|1|DEBUG|ERD.Controllers.EnrollmentsController|NLog injected Enrollments Controller 
2022-06-03 12:28:42.7210|0|DEBUG|Program|init main 
2022-06-03 12:28:45.9871|14|INFO|Microsoft.Hosting.Lifetime|Now listening on: http://localhost:5094 
2022-06-03 12:28:46.0513|0|INFO|Microsoft.Hosting.Lifetime|Application started. Press Ctrl+C to shut down. 
2022-06-03 12:28:46.0633|0|INFO|Microsoft.Hosting.Lifetime|Hosting environment: Development 
2022-06-03 12:28:46.0633|0|INFO|Microsoft.Hosting.Lifetime|Content root path: C:\Users\Radhe\Documents\GitHub\Backup\ERD Phase 1 last backup\ERD\ERD\ 
2022-06-03 12:28:47.7631|3|WARN|Microsoft.AspNetCore.HttpsPolicy.HttpsRedirectionMiddleware|Failed to determine the https port for redirect. 
2022-06-03 12:28:53.8881|1|DEBUG|ERD.Controllers.HomeController|NLog injected into HomeController 
2022-06-03 12:28:54.1526|0|INFO|ERD.Controllers.HomeController|Hello, this is the index! 
2022-06-03 12:29:06.4576|1|DEBUG|ERD.Controllers.BookingsController|NLog injected into Bookings Controller 
2022-06-03 12:29:08.8579|1|DEBUG|ERD.Controllers.BookingsController|NLog injected into Bookings Controller 
2022-06-03 12:29:20.9527|1|DEBUG|ERD.Controllers.TeamsController|NLog injected into Teams Controller 
2022-06-03 12:29:24.3531|1|DEBUG|ERD.Controllers.TeamsController|NLog injected into Teams Controller 
2022-06-03 12:29:53.5498|1|DEBUG|ERD.Controllers.BookingsController|NLog injected into Bookings Controller 
2022-06-03 12:29:57.0549|1|DEBUG|ERD.Controllers.VenuesController|NLog injected into Venues Controller 
2022-06-03 12:29:59.2026|1|DEBUG|ERD.Controllers.VenuesController|NLog injected into Venues Controller 
2022-06-03 12:30:06.7718|1|DEBUG|ERD.Controllers.BookingsController|NLog injected into Bookings Controller 
2022-06-03 12:30:09.2058|1|DEBUG|ERD.Controllers.BookingsController|NLog injected into Bookings Controller 
