2022-06-30 09:39:38.6965|0|DEBUG|Program|init main 
2022-06-30 09:39:45.5229|14|INFO|Microsoft.Hosting.Lifetime|Now listening on: http://localhost:5094 
2022-06-30 09:39:45.5831|0|INFO|Microsoft.Hosting.Lifetime|Application started. Press Ctrl+C to shut down. 
2022-06-30 09:39:45.5831|0|INFO|Microsoft.Hosting.Lifetime|Hosting environment: Development 
2022-06-30 09:39:45.5831|0|INFO|Microsoft.Hosting.Lifetime|Content root path: C:\Users\Radhe\Documents\GitHub\Backup\ERD Phase 1 last backup\ERD\ERD\ 
2022-06-30 09:39:47.6867|3|WARN|Microsoft.AspNetCore.HttpsPolicy.HttpsRedirectionMiddleware|Failed to determine the https port for redirect. 
2022-06-30 09:39:54.6131|1|DEBUG|ERD.Controllers.HomeController|NLog injected into HomeController 
2022-06-30 09:42:44.2888|1|DEBUG|ERD.Controllers.EnrollmentsController|NLog injected Enrollments Controller 
2022-06-30 09:42:47.1045|1|DEBUG|ERD.Controllers.EnrollmentsController|NLog injected Enrollments Controller 
2022-06-30 10:12:53.5738|0|DEBUG|Program|init main 
2022-06-30 10:12:56.9256|14|INFO|Microsoft.Hosting.Lifetime|Now listening on: http://localhost:5094 
2022-06-30 10:12:56.9653|0|INFO|Microsoft.Hosting.Lifetime|Application started. Press Ctrl+C to shut down. 
2022-06-30 10:12:56.9653|0|INFO|Microsoft.Hosting.Lifetime|Hosting environment: Development 
2022-06-30 10:12:56.9719|0|INFO|Microsoft.Hosting.Lifetime|Content root path: C:\Users\Radhe\Documents\GitHub\Backup\ERD Phase 1 last backup\ERD\ERD\ 
2022-06-30 10:12:59.3419|3|WARN|Microsoft.AspNetCore.HttpsPolicy.HttpsRedirectionMiddleware|Failed to determine the https port for redirect. 
2022-06-30 10:13:05.7804|1|DEBUG|ERD.Controllers.HomeController|NLog injected into HomeController 
2022-06-30 11:41:42.0643|0|DEBUG|Program|init main 
2022-06-30 11:41:46.2718|14|INFO|Microsoft.Hosting.Lifetime|Now listening on: http://localhost:5094 
2022-06-30 11:41:46.3196|0|INFO|Microsoft.Hosting.Lifetime|Application started. Press Ctrl+C to shut down. 
2022-06-30 11:41:46.3196|0|INFO|Microsoft.Hosting.Lifetime|Hosting environment: Development 
2022-06-30 11:41:46.3303|0|INFO|Microsoft.Hosting.Lifetime|Content root path: C:\Users\Radhe\Documents\GitHub\Backup\ERD Phase 1 last backup\ERD\ERD\ 
2022-06-30 11:41:49.0718|3|WARN|Microsoft.AspNetCore.HttpsPolicy.HttpsRedirectionMiddleware|Failed to determine the https port for redirect. 
2022-06-30 11:41:58.1967|1|DEBUG|ERD.Controllers.HomeController|NLog injected into HomeController 
2022-06-30 11:55:09.3533|0|DEBUG|Program|init main 
2022-06-30 11:55:13.8915|14|INFO|Microsoft.Hosting.Lifetime|Now listening on: http://localhost:5094 
2022-06-30 11:55:13.9307|0|INFO|Microsoft.Hosting.Lifetime|Application started. Press Ctrl+C to shut down. 
2022-06-30 11:55:13.9307|0|INFO|Microsoft.Hosting.Lifetime|Hosting environment: Development 
2022-06-30 11:55:13.9307|0|INFO|Microsoft.Hosting.Lifetime|Content root path: C:\Users\Radhe\Documents\GitHub\Backup\ERD Phase 1 last backup\ERD\ERD\ 
2022-06-30 11:55:16.0064|3|WARN|Microsoft.AspNetCore.HttpsPolicy.HttpsRedirectionMiddleware|Failed to determine the https port for redirect. 
2022-06-30 11:55:16.7521|1|DEBUG|ERD.Controllers.HomeController|NLog injected into HomeController 
2022-06-30 12:01:24.8466|0|DEBUG|Program|init main 
2022-06-30 12:01:28.0584|14|INFO|Microsoft.Hosting.Lifetime|Now listening on: http://localhost:5094 
2022-06-30 12:01:28.3023|0|INFO|Microsoft.Hosting.Lifetime|Application started. Press Ctrl+C to shut down. 
2022-06-30 12:01:28.3155|0|INFO|Microsoft.Hosting.Lifetime|Hosting environment: Development 
2022-06-30 12:01:28.3155|0|INFO|Microsoft.Hosting.Lifetime|Content root path: C:\Users\Radhe\Documents\GitHub\Backup\ERD Phase 1 last backup\ERD\ERD\ 
2022-06-30 12:01:29.8233|3|WARN|Microsoft.AspNetCore.HttpsPolicy.HttpsRedirectionMiddleware|Failed to determine the https port for redirect. 
2022-06-30 12:01:30.7048|1|DEBUG|ERD.Controllers.HomeController|NLog injected into HomeController 
2022-06-30 12:02:19.2102|0|DEBUG|Program|init main 
2022-06-30 12:02:22.7309|14|INFO|Microsoft.Hosting.Lifetime|Now listening on: http://localhost:5094 
2022-06-30 12:02:22.7784|0|INFO|Microsoft.Hosting.Lifetime|Application started. Press Ctrl+C to shut down. 
2022-06-30 12:02:22.7784|0|INFO|Microsoft.Hosting.Lifetime|Hosting environment: Development 
2022-06-30 12:02:22.7852|0|INFO|Microsoft.Hosting.Lifetime|Content root path: C:\Users\Radhe\Documents\GitHub\Backup\ERD Phase 1 last backup\ERD\ERD\ 
2022-06-30 12:02:24.4561|3|WARN|Microsoft.AspNetCore.HttpsPolicy.HttpsRedirectionMiddleware|Failed to determine the https port for redirect. 
2022-06-30 12:02:25.4155|1|DEBUG|ERD.Controllers.HomeController|NLog injected into HomeController 
2022-06-30 12:04:40.6999|0|DEBUG|Program|init main 
2022-06-30 12:04:43.5263|14|INFO|Microsoft.Hosting.Lifetime|Now listening on: http://localhost:5094 
2022-06-30 12:04:43.6178|0|INFO|Microsoft.Hosting.Lifetime|Application started. Press Ctrl+C to shut down. 
2022-06-30 12:04:43.6178|0|INFO|Microsoft.Hosting.Lifetime|Hosting environment: Development 
2022-06-30 12:04:43.6276|0|INFO|Microsoft.Hosting.Lifetime|Content root path: C:\Users\Radhe\Documents\GitHub\Backup\ERD Phase 1 last backup\ERD\ERD\ 
2022-06-30 12:04:45.5853|3|WARN|Microsoft.AspNetCore.HttpsPolicy.HttpsRedirectionMiddleware|Failed to determine the https port for redirect. 
2022-06-30 12:04:46.4549|1|DEBUG|ERD.Controllers.HomeController|NLog injected into HomeController 
2022-06-30 13:09:23.6147|0|DEBUG|Program|init main 
2022-06-30 13:09:28.5889|14|INFO|Microsoft.Hosting.Lifetime|Now listening on: http://localhost:5094 
2022-06-30 13:09:28.6518|0|INFO|Microsoft.Hosting.Lifetime|Application started. Press Ctrl+C to shut down. 
2022-06-30 13:09:28.6683|0|INFO|Microsoft.Hosting.Lifetime|Hosting environment: Development 
2022-06-30 13:09:28.6833|0|INFO|Microsoft.Hosting.Lifetime|Content root path: C:\Users\Radhe\Documents\GitHub\Backup\ERD Phase 1 last backup\ERD\ERD\ 
2022-06-30 13:09:30.6836|3|WARN|Microsoft.AspNetCore.HttpsPolicy.HttpsRedirectionMiddleware|Failed to determine the https port for redirect. 
2022-06-30 13:09:40.2523|1|DEBUG|ERD.Controllers.HomeController|NLog injected into HomeController 
2022-06-30 13:15:55.8918|0|DEBUG|Program|init main 
2022-06-30 13:16:05.9563|14|INFO|Microsoft.Hosting.Lifetime|Now listening on: http://localhost:5094 
2022-06-30 13:16:06.0542|0|INFO|Microsoft.Hosting.Lifetime|Application started. Press Ctrl+C to shut down. 
2022-06-30 13:16:06.0542|0|INFO|Microsoft.Hosting.Lifetime|Hosting environment: Development 
2022-06-30 13:16:06.0542|0|INFO|Microsoft.Hosting.Lifetime|Content root path: C:\Users\Radhe\Documents\GitHub\Backup\ERD Phase 1 last backup\ERD\ERD\ 
2022-06-30 13:16:08.4339|3|WARN|Microsoft.AspNetCore.HttpsPolicy.HttpsRedirectionMiddleware|Failed to determine the https port for redirect. 
2022-06-30 13:16:10.3307|1|DEBUG|ERD.Controllers.HomeController|NLog injected into HomeController 
2022-06-30 13:31:14.0032|0|DEBUG|Program|init main 
2022-06-30 13:31:18.6334|14|INFO|Microsoft.Hosting.Lifetime|Now listening on: http://localhost:5094 
2022-06-30 13:31:18.6796|0|INFO|Microsoft.Hosting.Lifetime|Application started. Press Ctrl+C to shut down. 
2022-06-30 13:31:18.6796|0|INFO|Microsoft.Hosting.Lifetime|Hosting environment: Development 
2022-06-30 13:31:18.6796|0|INFO|Microsoft.Hosting.Lifetime|Content root path: C:\Users\Radhe\Documents\GitHub\Backup\ERD Phase 1 last backup\ERD\ERD\ 
2022-06-30 13:31:20.5176|3|WARN|Microsoft.AspNetCore.HttpsPolicy.HttpsRedirectionMiddleware|Failed to determine the https port for redirect. 
2022-06-30 13:31:21.4184|1|DEBUG|ERD.Controllers.HomeController|NLog injected into HomeController 
2022-06-30 13:32:43.7891|1|DEBUG|ERD.Controllers.BookingsController|NLog injected into Bookings Controller 
2022-06-30 13:41:45.7143|0|DEBUG|Program|init main 
2022-06-30 13:41:51.9437|14|INFO|Microsoft.Hosting.Lifetime|Now listening on: http://localhost:5094 
2022-06-30 13:41:52.0381|0|INFO|Microsoft.Hosting.Lifetime|Application started. Press Ctrl+C to shut down. 
2022-06-30 13:41:52.0489|0|INFO|Microsoft.Hosting.Lifetime|Hosting environment: Development 
2022-06-30 13:41:52.0489|0|INFO|Microsoft.Hosting.Lifetime|Content root path: C:\Users\Radhe\Documents\GitHub\Backup\ERD Phase 1 last backup\ERD\ERD\ 
2022-06-30 13:41:54.7334|3|WARN|Microsoft.AspNetCore.HttpsPolicy.HttpsRedirectionMiddleware|Failed to determine the https port for redirect. 
2022-06-30 13:42:02.2257|1|DEBUG|ERD.Controllers.HomeController|NLog injected into HomeController 
2022-06-30 13:42:59.1804|0|DEBUG|Program|init main 
2022-06-30 13:43:04.2624|14|INFO|Microsoft.Hosting.Lifetime|Now listening on: http://localhost:5094 
2022-06-30 13:43:04.4095|0|INFO|Microsoft.Hosting.Lifetime|Application started. Press Ctrl+C to shut down. 
2022-06-30 13:43:04.4306|0|INFO|Microsoft.Hosting.Lifetime|Hosting environment: Development 
2022-06-30 13:43:04.4403|0|INFO|Microsoft.Hosting.Lifetime|Content root path: C:\Users\Radhe\Documents\GitHub\Backup\ERD Phase 1 last backup\ERD\ERD\ 
2022-06-30 13:43:07.5070|3|WARN|Microsoft.AspNetCore.HttpsPolicy.HttpsRedirectionMiddleware|Failed to determine the https port for redirect. 
2022-06-30 13:43:08.5859|1|DEBUG|ERD.Controllers.HomeController|NLog injected into HomeController 
