2022-06-20 10:37:48.4913|0|DEBUG|Program|init main 
2022-06-20 10:37:59.0669|14|INFO|Microsoft.Hosting.Lifetime|Now listening on: http://localhost:5094 
2022-06-20 10:37:59.1338|0|INFO|Microsoft.Hosting.Lifetime|Application started. Press Ctrl+C to shut down. 
2022-06-20 10:37:59.1338|0|INFO|Microsoft.Hosting.Lifetime|Hosting environment: Development 
2022-06-20 10:37:59.1338|0|INFO|Microsoft.Hosting.Lifetime|Content root path: C:\Users\Radhe\Documents\GitHub\Backup\ERD Phase 1 last backup\ERD\ERD\ 
2022-06-20 10:38:06.7537|3|WARN|Microsoft.AspNetCore.HttpsPolicy.HttpsRedirectionMiddleware|Failed to determine the https port for redirect. 
2022-06-20 10:38:20.8246|1|DEBUG|ERD.Controllers.EnrollmentsController|NLog injected Enrollments Controller 
2022-06-20 10:38:50.5691|0|INFO|ERD.Areas.Identity.Pages.Account.LoginModel|User logged in. 
2022-06-20 10:38:50.6459|1|DEBUG|ERD.Controllers.HomeController|NLog injected into HomeController 
2022-06-20 15:14:52.9609|0|DEBUG|Program|init main 
2022-06-20 15:22:08.2273|0|DEBUG|Program|init main 
2022-06-20 15:22:14.6977|14|INFO|Microsoft.Hosting.Lifetime|Now listening on: http://localhost:5094 
2022-06-20 15:22:14.7579|0|INFO|Microsoft.Hosting.Lifetime|Application started. Press Ctrl+C to shut down. 
2022-06-20 15:22:14.7579|0|INFO|Microsoft.Hosting.Lifetime|Hosting environment: Development 
2022-06-20 15:22:14.7719|0|INFO|Microsoft.Hosting.Lifetime|Content root path: C:\Users\Radhe\Documents\GitHub\Backup\ERD Phase 1 last backup\ERD\ERD\ 
2022-06-20 15:22:16.5589|3|WARN|Microsoft.AspNetCore.HttpsPolicy.HttpsRedirectionMiddleware|Failed to determine the https port for redirect. 
2022-06-20 15:22:58.6276|0|INFO|ERD.Areas.Identity.Pages.Account.LoginModel|User logged in. 
2022-06-20 15:22:58.6717|1|DEBUG|ERD.Controllers.HomeController|NLog injected into HomeController 
2022-06-20 15:26:27.6609|0|DEBUG|Program|init main 
2022-06-20 15:26:30.8724|14|INFO|Microsoft.Hosting.Lifetime|Now listening on: http://localhost:5094 
2022-06-20 15:26:30.9077|0|INFO|Microsoft.Hosting.Lifetime|Application started. Press Ctrl+C to shut down. 
2022-06-20 15:26:30.9077|0|INFO|Microsoft.Hosting.Lifetime|Hosting environment: Development 
2022-06-20 15:26:30.9128|0|INFO|Microsoft.Hosting.Lifetime|Content root path: C:\Users\Radhe\Documents\GitHub\Backup\ERD Phase 1 last backup\ERD\ERD\ 
2022-06-20 15:26:32.3008|3|WARN|Microsoft.AspNetCore.HttpsPolicy.HttpsRedirectionMiddleware|Failed to determine the https port for redirect. 
2022-06-20 15:26:32.9695|1|DEBUG|ERD.Controllers.HomeController|NLog injected into HomeController 
2022-06-20 15:29:03.1935|1|DEBUG|ERD.Controllers.HomeController|NLog injected into HomeController 
2022-06-20 15:29:26.7310|1|DEBUG|ERD.Controllers.HomeController|NLog injected into HomeController 
2022-06-20 15:30:36.1793|1|DEBUG|ERD.Controllers.HomeController|NLog injected into HomeController 
2022-06-20 15:30:39.8910|1|DEBUG|ERD.Controllers.EnrollmentsController|NLog injected Enrollments Controller 
2022-06-20 15:58:48.4575|0|DEBUG|Program|init main 
2022-06-20 15:58:51.3247|14|INFO|Microsoft.Hosting.Lifetime|Now listening on: http://localhost:5094 
2022-06-20 15:58:51.3721|0|INFO|Microsoft.Hosting.Lifetime|Application started. Press Ctrl+C to shut down. 
2022-06-20 15:58:51.3721|0|INFO|Microsoft.Hosting.Lifetime|Hosting environment: Development 
2022-06-20 15:58:51.3721|0|INFO|Microsoft.Hosting.Lifetime|Content root path: C:\Users\Radhe\Documents\GitHub\Backup\ERD Phase 1 last backup\ERD\ERD\ 
2022-06-20 15:58:53.0747|3|WARN|Microsoft.AspNetCore.HttpsPolicy.HttpsRedirectionMiddleware|Failed to determine the https port for redirect. 
2022-06-20 15:58:58.8742|1|DEBUG|ERD.Controllers.HomeController|NLog injected into HomeController 
2022-06-20 15:59:28.7494|0|WARN|Microsoft.AspNetCore.Identity.RoleManager|Role c718c819-43c9-4f97-8ae2-af3f4b87ca29 validation failed: DuplicateRoleName. 
2022-06-20 16:05:35.2997|0|DEBUG|Program|init main 
2022-06-20 16:05:36.8428|14|INFO|Microsoft.Hosting.Lifetime|Now listening on: http://localhost:5094 
2022-06-20 16:05:36.8604|0|INFO|Microsoft.Hosting.Lifetime|Application started. Press Ctrl+C to shut down. 
2022-06-20 16:05:36.8604|0|INFO|Microsoft.Hosting.Lifetime|Hosting environment: Development 
2022-06-20 16:05:36.8604|0|INFO|Microsoft.Hosting.Lifetime|Content root path: C:\Users\Radhe\Documents\GitHub\Backup\ERD Phase 1 last backup\ERD\ERD\ 
2022-06-20 16:05:38.1886|3|WARN|Microsoft.AspNetCore.HttpsPolicy.HttpsRedirectionMiddleware|Failed to determine the https port for redirect. 
2022-06-20 16:05:38.7287|1|DEBUG|ERD.Controllers.HomeController|NLog injected into HomeController 
2022-06-20 16:12:18.5279|0|DEBUG|Program|init main 
2022-06-20 16:12:20.8978|14|INFO|Microsoft.Hosting.Lifetime|Now listening on: http://localhost:5094 
2022-06-20 16:12:20.9199|0|INFO|Microsoft.Hosting.Lifetime|Application started. Press Ctrl+C to shut down. 
2022-06-20 16:12:20.9199|0|INFO|Microsoft.Hosting.Lifetime|Hosting environment: Development 
2022-06-20 16:12:20.9199|0|INFO|Microsoft.Hosting.Lifetime|Content root path: C:\Users\Radhe\Documents\GitHub\Backup\ERD Phase 1 last backup\ERD\ERD\ 
2022-06-20 16:12:22.1505|3|WARN|Microsoft.AspNetCore.HttpsPolicy.HttpsRedirectionMiddleware|Failed to determine the https port for redirect. 
2022-06-20 16:12:22.7691|1|DEBUG|ERD.Controllers.HomeController|NLog injected into HomeController 
2022-06-20 16:21:00.3719|0|DEBUG|Program|init main 
2022-06-20 16:21:01.9619|14|INFO|Microsoft.Hosting.Lifetime|Now listening on: http://localhost:5094 
2022-06-20 16:21:01.9830|0|INFO|Microsoft.Hosting.Lifetime|Application started. Press Ctrl+C to shut down. 
2022-06-20 16:21:01.9830|0|INFO|Microsoft.Hosting.Lifetime|Hosting environment: Development 
2022-06-20 16:21:01.9830|0|INFO|Microsoft.Hosting.Lifetime|Content root path: C:\Users\Radhe\Documents\GitHub\Backup\ERD Phase 1 last backup\ERD\ERD\ 
2022-06-20 16:21:03.1367|3|WARN|Microsoft.AspNetCore.HttpsPolicy.HttpsRedirectionMiddleware|Failed to determine the https port for redirect. 
2022-06-20 16:21:03.8798|1|DEBUG|ERD.Controllers.HomeController|NLog injected into HomeController 
2022-06-20 16:37:41.9204|0|DEBUG|Program|init main 
2022-06-20 16:37:44.8036|14|INFO|Microsoft.Hosting.Lifetime|Now listening on: http://localhost:5094 
2022-06-20 16:37:44.8525|0|INFO|Microsoft.Hosting.Lifetime|Application started. Press Ctrl+C to shut down. 
2022-06-20 16:37:44.8525|0|INFO|Microsoft.Hosting.Lifetime|Hosting environment: Development 
2022-06-20 16:37:44.8684|0|INFO|Microsoft.Hosting.Lifetime|Content root path: C:\Users\Radhe\Documents\GitHub\Backup\ERD Phase 1 last backup\ERD\ERD\ 
2022-06-20 16:37:46.4273|3|WARN|Microsoft.AspNetCore.HttpsPolicy.HttpsRedirectionMiddleware|Failed to determine the https port for redirect. 
2022-06-20 16:37:51.5474|1|DEBUG|ERD.Controllers.HomeController|NLog injected into HomeController 
2022-06-20 16:38:44.8379|1|DEBUG|ERD.Controllers.HomeController|NLog injected into HomeController 
2022-06-20 16:40:21.8477|0|DEBUG|Program|init main 
2022-06-20 16:40:25.9398|14|INFO|Microsoft.Hosting.Lifetime|Now listening on: http://localhost:5094 
2022-06-20 16:40:26.0133|0|INFO|Microsoft.Hosting.Lifetime|Application started. Press Ctrl+C to shut down. 
2022-06-20 16:40:26.0133|0|INFO|Microsoft.Hosting.Lifetime|Hosting environment: Development 
2022-06-20 16:40:26.0133|0|INFO|Microsoft.Hosting.Lifetime|Content root path: C:\Users\Radhe\Documents\GitHub\Backup\ERD Phase 1 last backup\ERD\ERD\ 
2022-06-20 16:40:28.2681|3|WARN|Microsoft.AspNetCore.HttpsPolicy.HttpsRedirectionMiddleware|Failed to determine the https port for redirect. 
2022-06-20 16:40:29.3858|1|DEBUG|ERD.Controllers.HomeController|NLog injected into HomeController 
2022-06-20 16:42:16.1701|0|DEBUG|Program|init main 
2022-06-20 16:42:19.8033|14|INFO|Microsoft.Hosting.Lifetime|Now listening on: http://localhost:5094 
2022-06-20 16:42:19.8412|0|INFO|Microsoft.Hosting.Lifetime|Application started. Press Ctrl+C to shut down. 
2022-06-20 16:42:19.8412|0|INFO|Microsoft.Hosting.Lifetime|Hosting environment: Development 
2022-06-20 16:42:19.8412|0|INFO|Microsoft.Hosting.Lifetime|Content root path: C:\Users\Radhe\Documents\GitHub\Backup\ERD Phase 1 last backup\ERD\ERD\ 
2022-06-20 16:42:22.1178|3|WARN|Microsoft.AspNetCore.HttpsPolicy.HttpsRedirectionMiddleware|Failed to determine the https port for redirect. 
2022-06-20 16:42:23.0346|1|DEBUG|ERD.Controllers.HomeController|NLog injected into HomeController 
2022-06-20 16:42:38.3129|1|DEBUG|ERD.Controllers.HomeController|NLog injected into HomeController 
2022-06-20 16:45:31.1747|0|DEBUG|Program|init main 
2022-06-20 16:45:33.7571|14|INFO|Microsoft.Hosting.Lifetime|Now listening on: http://localhost:5094 
2022-06-20 16:45:33.8192|0|INFO|Microsoft.Hosting.Lifetime|Application started. Press Ctrl+C to shut down. 
2022-06-20 16:45:33.8192|0|INFO|Microsoft.Hosting.Lifetime|Hosting environment: Development 
2022-06-20 16:45:33.8192|0|INFO|Microsoft.Hosting.Lifetime|Content root path: C:\Users\Radhe\Documents\GitHub\Backup\ERD Phase 1 last backup\ERD\ERD\ 
2022-06-20 16:45:35.9467|3|WARN|Microsoft.AspNetCore.HttpsPolicy.HttpsRedirectionMiddleware|Failed to determine the https port for redirect. 
2022-06-20 16:45:36.9780|1|DEBUG|ERD.Controllers.HomeController|NLog injected into HomeController 
2022-06-20 16:45:51.5380|1|DEBUG|ERD.Controllers.HomeController|NLog injected into HomeController 
2022-06-20 16:46:58.7306|0|DEBUG|Program|init main 
2022-06-20 16:47:02.1673|14|INFO|Microsoft.Hosting.Lifetime|Now listening on: http://localhost:5094 
2022-06-20 16:47:02.2184|0|INFO|Microsoft.Hosting.Lifetime|Application started. Press Ctrl+C to shut down. 
2022-06-20 16:47:02.2184|0|INFO|Microsoft.Hosting.Lifetime|Hosting environment: Development 
2022-06-20 16:47:02.2274|0|INFO|Microsoft.Hosting.Lifetime|Content root path: C:\Users\Radhe\Documents\GitHub\Backup\ERD Phase 1 last backup\ERD\ERD\ 
2022-06-20 16:47:04.3469|3|WARN|Microsoft.AspNetCore.HttpsPolicy.HttpsRedirectionMiddleware|Failed to determine the https port for redirect. 
2022-06-20 16:47:05.7447|1|DEBUG|ERD.Controllers.HomeController|NLog injected into HomeController 
