2022-07-06 13:06:46.0119|0|DEBUG|Program|init main 
2022-07-06 13:06:57.2063|14|INFO|Microsoft.Hosting.Lifetime|Now listening on: http://localhost:5094 
2022-07-06 13:06:57.3579|0|INFO|Microsoft.Hosting.Lifetime|Application started. Press Ctrl+C to shut down. 
2022-07-06 13:06:57.3815|0|INFO|Microsoft.Hosting.Lifetime|Hosting environment: Development 
2022-07-06 13:06:57.3815|0|INFO|Microsoft.Hosting.Lifetime|Content root path: C:\Users\Radhe\Documents\GitHub\Backup\ERD Phase 1 last backup\ERD\ERD\ 
2022-07-06 13:07:01.5551|3|WARN|Microsoft.AspNetCore.HttpsPolicy.HttpsRedirectionMiddleware|Failed to determine the https port for redirect. 
2022-07-06 13:07:24.9898|1|DEBUG|ERD.Controllers.HomeController|NLog injected into HomeController 
2022-07-06 13:09:02.9418|1|DEBUG|ERD.Controllers.HomeController|NLog injected into HomeController 
2022-07-06 13:57:02.4628|0|DEBUG|Program|init main 
2022-07-06 13:57:08.4914|14|INFO|Microsoft.Hosting.Lifetime|Now listening on: http://localhost:5094 
2022-07-06 13:57:08.5396|0|INFO|Microsoft.Hosting.Lifetime|Application started. Press Ctrl+C to shut down. 
2022-07-06 13:57:08.5396|0|INFO|Microsoft.Hosting.Lifetime|Hosting environment: Development 
2022-07-06 13:57:08.5483|0|INFO|Microsoft.Hosting.Lifetime|Content root path: C:\Users\Radhe\Documents\GitHub\Backup\ERD Phase 1 last backup\ERD\ERD\ 
2022-07-06 13:57:11.3709|3|WARN|Microsoft.AspNetCore.HttpsPolicy.HttpsRedirectionMiddleware|Failed to determine the https port for redirect. 
2022-07-06 13:57:18.7370|1|DEBUG|ERD.Controllers.HomeController|NLog injected into HomeController 
2022-07-06 13:57:42.4446|1|DEBUG|ERD.Controllers.HomeController|NLog injected into HomeController 
2022-07-06 13:57:57.4972|1|DEBUG|ERD.Controllers.HomeController|NLog injected into HomeController 
2022-07-06 14:28:43.4451|0|DEBUG|Program|init main 
2022-07-06 14:28:46.3893|14|INFO|Microsoft.Hosting.Lifetime|Now listening on: http://localhost:5094 
2022-07-06 14:28:46.4187|0|INFO|Microsoft.Hosting.Lifetime|Application started. Press Ctrl+C to shut down. 
2022-07-06 14:28:46.4187|0|INFO|Microsoft.Hosting.Lifetime|Hosting environment: Development 
2022-07-06 14:28:46.4187|0|INFO|Microsoft.Hosting.Lifetime|Content root path: C:\Users\Radhe\Documents\GitHub\Backup\ERD Phase 1 last backup\ERD\ERD\ 
2022-07-06 14:28:49.7546|3|WARN|Microsoft.AspNetCore.HttpsPolicy.HttpsRedirectionMiddleware|Failed to determine the https port for redirect. 
2022-07-06 14:29:00.3830|1|DEBUG|ERD.Controllers.HomeController|NLog injected into HomeController 
