2022-07-15 08:32:57.5099|0|DEBUG|Program|init main 
2022-07-15 08:33:02.7104|14|INFO|Microsoft.Hosting.Lifetime|Now listening on: http://localhost:5094 
2022-07-15 08:33:02.7494|0|INFO|Microsoft.Hosting.Lifetime|Application started. Press Ctrl+C to shut down. 
2022-07-15 08:33:02.7527|0|INFO|Microsoft.Hosting.Lifetime|Hosting environment: Development 
2022-07-15 08:33:02.7527|0|INFO|Microsoft.Hosting.Lifetime|Content root path: C:\Users\Radhe\Documents\GitHub\Backup\ERD Phase 1 last backup\ERD\ERD\ 
2022-07-15 08:33:05.0000|3|WARN|Microsoft.AspNetCore.HttpsPolicy.HttpsRedirectionMiddleware|Failed to determine the https port for redirect. 
2022-07-15 08:33:11.5730|1|DEBUG|ERD.Controllers.HomeController|NLog injected into HomeController 
2022-07-15 08:33:19.1831|1|DEBUG|ERD.Controllers.HomeController|NLog injected into HomeController 
2022-07-15 08:33:19.6324|1|DEBUG|ERD.Controllers.HomeController|NLog injected into HomeController 
2022-07-15 08:33:24.8986|1|DEBUG|ERD.Controllers.HomeController|NLog injected into HomeController 
2022-07-15 08:33:25.1066|1|DEBUG|ERD.Controllers.HomeController|NLog injected into HomeController 
2022-07-15 08:33:27.6542|1|DEBUG|ERD.Controllers.HomeController|NLog injected into HomeController 
2022-07-15 08:33:27.8355|1|DEBUG|ERD.Controllers.HomeController|NLog injected into HomeController 
2022-07-15 08:33:48.7290|1|DEBUG|ERD.Controllers.HomeController|NLog injected into HomeController 
2022-07-15 08:34:33.4232|1|DEBUG|ERD.Controllers.HomeController|NLog injected into HomeController 
2022-07-15 08:34:33.6626|1|DEBUG|ERD.Controllers.HomeController|NLog injected into HomeController 
2022-07-15 08:34:46.3847|1|DEBUG|ERD.Controllers.HomeController|NLog injected into HomeController 
2022-07-15 08:34:46.6193|1|DEBUG|ERD.Controllers.HomeController|NLog injected into HomeController 
2022-07-15 08:37:32.6262|0|DEBUG|Program|init main 
2022-07-15 08:37:35.7642|14|INFO|Microsoft.Hosting.Lifetime|Now listening on: http://localhost:5094 
2022-07-15 08:37:35.8101|0|INFO|Microsoft.Hosting.Lifetime|Application started. Press Ctrl+C to shut down. 
2022-07-15 08:37:35.8176|0|INFO|Microsoft.Hosting.Lifetime|Hosting environment: Development 
2022-07-15 08:37:35.8176|0|INFO|Microsoft.Hosting.Lifetime|Content root path: C:\Users\Radhe\Documents\GitHub\Backup\ERD Phase 1 last backup\ERD\ERD\ 
2022-07-15 08:37:37.7788|3|WARN|Microsoft.AspNetCore.HttpsPolicy.HttpsRedirectionMiddleware|Failed to determine the https port for redirect. 
2022-07-15 08:37:38.4631|1|DEBUG|ERD.Controllers.HomeController|NLog injected into HomeController 
2022-07-15 08:37:51.7451|1|DEBUG|ERD.Controllers.HomeController|NLog injected into HomeController 
2022-07-15 08:37:52.4505|1|DEBUG|ERD.Controllers.HomeController|NLog injected into HomeController 
2022-07-15 08:38:28.9293|1|DEBUG|ERD.Controllers.HomeController|NLog injected into HomeController 
2022-07-15 08:38:30.5207|1|DEBUG|ERD.Controllers.HomeController|NLog injected into HomeController 
2022-07-15 08:38:30.7995|1|DEBUG|ERD.Controllers.HomeController|NLog injected into HomeController 
2022-07-15 08:41:46.2184|1|DEBUG|ERD.Controllers.HomeController|NLog injected into HomeController 
2022-07-15 08:41:49.5756|1|DEBUG|ERD.Controllers.HomeController|NLog injected into HomeController 
2022-07-15 08:41:49.7489|1|DEBUG|ERD.Controllers.HomeController|NLog injected into HomeController 
2022-07-15 08:43:59.0131|0|DEBUG|Program|init main 
2022-07-15 08:44:01.9319|14|INFO|Microsoft.Hosting.Lifetime|Now listening on: http://localhost:5094 
2022-07-15 08:44:01.9616|0|INFO|Microsoft.Hosting.Lifetime|Application started. Press Ctrl+C to shut down. 
2022-07-15 08:44:01.9616|0|INFO|Microsoft.Hosting.Lifetime|Hosting environment: Development 
2022-07-15 08:44:01.9616|0|INFO|Microsoft.Hosting.Lifetime|Content root path: C:\Users\Radhe\Documents\GitHub\Backup\ERD Phase 1 last backup\ERD\ERD\ 
2022-07-15 08:44:03.9029|3|WARN|Microsoft.AspNetCore.HttpsPolicy.HttpsRedirectionMiddleware|Failed to determine the https port for redirect. 
2022-07-15 08:44:04.5272|1|DEBUG|ERD.Controllers.HomeController|NLog injected into HomeController 
2022-07-15 08:45:31.4291|1|DEBUG|ERD.Controllers.HomeController|NLog injected into HomeController 
2022-07-15 08:45:39.9668|1|DEBUG|ERD.Controllers.HomeController|NLog injected into HomeController 
2022-07-15 08:45:40.0383|1|DEBUG|ERD.Controllers.HomeController|NLog injected into HomeController 
2022-07-15 08:45:49.4678|1|DEBUG|ERD.Controllers.HomeController|NLog injected into HomeController 
2022-07-15 08:45:49.4911|1|DEBUG|ERD.Controllers.HomeController|NLog injected into HomeController 
2022-07-15 08:45:50.6064|1|DEBUG|ERD.Controllers.HomeController|NLog injected into HomeController 
2022-07-15 08:45:50.6297|1|DEBUG|ERD.Controllers.HomeController|NLog injected into HomeController 
2022-07-15 08:45:50.6456|1|DEBUG|ERD.Controllers.HomeController|NLog injected into HomeController 
2022-07-15 08:45:50.6617|1|DEBUG|ERD.Controllers.HomeController|NLog injected into HomeController 
2022-07-15 08:45:51.1865|1|DEBUG|ERD.Controllers.HomeController|NLog injected into HomeController 
2022-07-15 08:45:51.2149|1|DEBUG|ERD.Controllers.HomeController|NLog injected into HomeController 
2022-07-15 08:45:51.2440|1|DEBUG|ERD.Controllers.HomeController|NLog injected into HomeController 
2022-07-15 08:45:51.2675|1|DEBUG|ERD.Controllers.HomeController|NLog injected into HomeController 
2022-07-15 08:45:51.3370|1|DEBUG|ERD.Controllers.HomeController|NLog injected into HomeController 
2022-07-15 08:45:51.3600|1|DEBUG|ERD.Controllers.HomeController|NLog injected into HomeController 
2022-07-15 08:45:51.3825|1|DEBUG|ERD.Controllers.HomeController|NLog injected into HomeController 
2022-07-15 08:45:51.4187|1|DEBUG|ERD.Controllers.HomeController|NLog injected into HomeController 
2022-07-15 08:45:51.5015|1|DEBUG|ERD.Controllers.HomeController|NLog injected into HomeController 
2022-07-15 08:45:51.5264|1|DEBUG|ERD.Controllers.HomeController|NLog injected into HomeController 
2022-07-15 08:45:51.5441|1|DEBUG|ERD.Controllers.HomeController|NLog injected into HomeController 
2022-07-15 08:45:51.5643|1|DEBUG|ERD.Controllers.HomeController|NLog injected into HomeController 
2022-07-15 08:45:51.6521|1|DEBUG|ERD.Controllers.HomeController|NLog injected into HomeController 
2022-07-15 08:45:51.6951|1|DEBUG|ERD.Controllers.HomeController|NLog injected into HomeController 
2022-07-15 08:45:51.7232|1|DEBUG|ERD.Controllers.HomeController|NLog injected into HomeController 
2022-07-15 08:45:51.7438|1|DEBUG|ERD.Controllers.HomeController|NLog injected into HomeController 
2022-07-15 08:45:51.7593|1|DEBUG|ERD.Controllers.HomeController|NLog injected into HomeController 
2022-07-15 08:45:51.8476|1|DEBUG|ERD.Controllers.HomeController|NLog injected into HomeController 
2022-07-15 08:45:51.8740|1|DEBUG|ERD.Controllers.HomeController|NLog injected into HomeController 
2022-07-15 08:45:51.9108|1|DEBUG|ERD.Controllers.HomeController|NLog injected into HomeController 
2022-07-15 08:45:51.9391|1|DEBUG|ERD.Controllers.HomeController|NLog injected into HomeController 
2022-07-15 08:45:51.9693|1|DEBUG|ERD.Controllers.HomeController|NLog injected into HomeController 
2022-07-15 08:45:51.9906|1|DEBUG|ERD.Controllers.HomeController|NLog injected into HomeController 
2022-07-15 08:45:52.0072|1|DEBUG|ERD.Controllers.HomeController|NLog injected into HomeController 
2022-07-15 08:45:57.2537|1|DEBUG|ERD.Controllers.EnrollmentsController|NLog injected Enrollments Controller 
2022-07-15 08:46:00.7779|1|DEBUG|ERD.Controllers.HomeController|NLog injected into HomeController 
2022-07-15 08:46:06.3818|1|DEBUG|ERD.Controllers.HomeController|NLog injected into HomeController 
2022-07-15 08:46:06.9650|1|DEBUG|ERD.Controllers.HomeController|NLog injected into HomeController 
2022-07-15 08:46:06.9917|1|DEBUG|ERD.Controllers.HomeController|NLog injected into HomeController 
2022-07-15 08:46:10.0455|1|DEBUG|ERD.Controllers.HomeController|NLog injected into HomeController 
2022-07-15 08:46:10.0678|1|DEBUG|ERD.Controllers.HomeController|NLog injected into HomeController 
2022-07-15 08:46:15.1797|1|DEBUG|ERD.Controllers.HomeController|NLog injected into HomeController 
2022-07-15 08:46:15.1970|1|DEBUG|ERD.Controllers.HomeController|NLog injected into HomeController 
2022-07-15 08:48:09.6137|0|DEBUG|Program|init main 
2022-07-15 08:48:11.6435|14|INFO|Microsoft.Hosting.Lifetime|Now listening on: http://localhost:5094 
2022-07-15 08:48:11.6630|0|INFO|Microsoft.Hosting.Lifetime|Application started. Press Ctrl+C to shut down. 
2022-07-15 08:48:11.6630|0|INFO|Microsoft.Hosting.Lifetime|Hosting environment: Development 
2022-07-15 08:48:11.6630|0|INFO|Microsoft.Hosting.Lifetime|Content root path: C:\Users\Radhe\Documents\GitHub\Backup\ERD Phase 1 last backup\ERD\ERD\ 
2022-07-15 08:48:13.5144|3|WARN|Microsoft.AspNetCore.HttpsPolicy.HttpsRedirectionMiddleware|Failed to determine the https port for redirect. 
2022-07-15 08:48:14.0917|1|DEBUG|ERD.Controllers.HomeController|NLog injected into HomeController 
2022-07-15 08:49:09.0507|1|DEBUG|ERD.Controllers.HomeController|NLog injected into HomeController 
2022-07-15 08:49:21.5858|1|DEBUG|ERD.Controllers.EnrollmentsController|NLog injected Enrollments Controller 
2022-07-15 08:49:23.4266|1|DEBUG|ERD.Controllers.HomeController|NLog injected into HomeController 
2022-07-15 08:49:25.1412|1|DEBUG|ERD.Controllers.HomeController|NLog injected into HomeController 
2022-07-15 08:49:29.6262|1|DEBUG|ERD.Controllers.HomeController|NLog injected into HomeController 
2022-07-15 08:50:27.5864|0|DEBUG|Program|init main 
2022-07-15 08:50:30.3267|14|INFO|Microsoft.Hosting.Lifetime|Now listening on: http://localhost:5094 
2022-07-15 08:50:30.3957|0|INFO|Microsoft.Hosting.Lifetime|Application started. Press Ctrl+C to shut down. 
2022-07-15 08:50:30.4095|0|INFO|Microsoft.Hosting.Lifetime|Hosting environment: Development 
2022-07-15 08:50:30.4095|0|INFO|Microsoft.Hosting.Lifetime|Content root path: C:\Users\Radhe\Documents\GitHub\Backup\ERD Phase 1 last backup\ERD\ERD\ 
2022-07-15 08:50:32.1630|3|WARN|Microsoft.AspNetCore.HttpsPolicy.HttpsRedirectionMiddleware|Failed to determine the https port for redirect. 
2022-07-15 08:50:32.8460|1|DEBUG|ERD.Controllers.HomeController|NLog injected into HomeController 
2022-07-15 08:50:43.2058|1|DEBUG|ERD.Controllers.HomeController|NLog injected into HomeController 
2022-07-15 08:51:00.8241|1|DEBUG|ERD.Controllers.HomeController|NLog injected into HomeController 
2022-07-15 08:51:00.9954|1|DEBUG|ERD.Controllers.HomeController|NLog injected into HomeController 
2022-07-15 08:51:02.7791|1|DEBUG|ERD.Controllers.HomeController|NLog injected into HomeController 
2022-07-15 08:51:02.8115|1|DEBUG|ERD.Controllers.HomeController|NLog injected into HomeController 
2022-07-15 08:51:03.5695|1|DEBUG|ERD.Controllers.HomeController|NLog injected into HomeController 
2022-07-15 08:51:03.5927|1|DEBUG|ERD.Controllers.HomeController|NLog injected into HomeController 
2022-07-15 08:51:03.6169|1|DEBUG|ERD.Controllers.HomeController|NLog injected into HomeController 
2022-07-15 08:51:03.6464|1|DEBUG|ERD.Controllers.HomeController|NLog injected into HomeController 
2022-07-15 08:51:03.7554|1|DEBUG|ERD.Controllers.HomeController|NLog injected into HomeController 
2022-07-15 08:51:03.7853|1|DEBUG|ERD.Controllers.HomeController|NLog injected into HomeController 
2022-07-15 08:51:03.8122|1|DEBUG|ERD.Controllers.HomeController|NLog injected into HomeController 
2022-07-15 08:51:03.8369|1|DEBUG|ERD.Controllers.HomeController|NLog injected into HomeController 
2022-07-15 08:51:03.8704|1|DEBUG|ERD.Controllers.HomeController|NLog injected into HomeController 
2022-07-15 08:51:03.9052|1|DEBUG|ERD.Controllers.HomeController|NLog injected into HomeController 
2022-07-15 08:51:03.9873|1|DEBUG|ERD.Controllers.HomeController|NLog injected into HomeController 
2022-07-15 08:51:04.0189|1|DEBUG|ERD.Controllers.HomeController|NLog injected into HomeController 
2022-07-15 08:51:04.0460|1|DEBUG|ERD.Controllers.HomeController|NLog injected into HomeController 
2022-07-15 08:51:04.0725|1|DEBUG|ERD.Controllers.HomeController|NLog injected into HomeController 
2022-07-15 08:51:04.0961|1|DEBUG|ERD.Controllers.HomeController|NLog injected into HomeController 
2022-07-15 08:51:04.1213|1|DEBUG|ERD.Controllers.HomeController|NLog injected into HomeController 
2022-07-15 08:51:04.2728|1|DEBUG|ERD.Controllers.HomeController|NLog injected into HomeController 
2022-07-15 08:51:04.2957|1|DEBUG|ERD.Controllers.HomeController|NLog injected into HomeController 
2022-07-15 08:51:04.3198|1|DEBUG|ERD.Controllers.HomeController|NLog injected into HomeController 
2022-07-15 08:51:04.3435|1|DEBUG|ERD.Controllers.HomeController|NLog injected into HomeController 
2022-07-15 08:51:05.0145|1|DEBUG|ERD.Controllers.HomeController|NLog injected into HomeController 
2022-07-15 08:51:05.0578|1|DEBUG|ERD.Controllers.HomeController|NLog injected into HomeController 
2022-07-15 08:51:05.1016|1|DEBUG|ERD.Controllers.HomeController|NLog injected into HomeController 
2022-07-15 08:51:05.1962|1|DEBUG|ERD.Controllers.HomeController|NLog injected into HomeController 
2022-07-15 08:51:05.6360|1|DEBUG|ERD.Controllers.HomeController|NLog injected into HomeController 
2022-07-15 08:51:05.6644|1|DEBUG|ERD.Controllers.HomeController|NLog injected into HomeController 
2022-07-15 08:51:05.6958|1|DEBUG|ERD.Controllers.HomeController|NLog injected into HomeController 
2022-07-15 08:51:05.7261|1|DEBUG|ERD.Controllers.HomeController|NLog injected into HomeController 
2022-07-15 08:51:05.7512|1|DEBUG|ERD.Controllers.HomeController|NLog injected into HomeController 
2022-07-15 08:51:05.7802|1|DEBUG|ERD.Controllers.HomeController|NLog injected into HomeController 
2022-07-15 08:51:05.8199|1|DEBUG|ERD.Controllers.HomeController|NLog injected into HomeController 
2022-07-15 08:51:05.9049|1|DEBUG|ERD.Controllers.HomeController|NLog injected into HomeController 
2022-07-15 08:51:05.9374|1|DEBUG|ERD.Controllers.HomeController|NLog injected into HomeController 
2022-07-15 08:51:06.0042|1|DEBUG|ERD.Controllers.HomeController|NLog injected into HomeController 
2022-07-15 08:51:06.0445|1|DEBUG|ERD.Controllers.HomeController|NLog injected into HomeController 
2022-07-15 08:51:06.0853|1|DEBUG|ERD.Controllers.HomeController|NLog injected into HomeController 
2022-07-15 08:51:12.6473|1|DEBUG|ERD.Controllers.HomeController|NLog injected into HomeController 
2022-07-15 08:51:12.6903|1|DEBUG|ERD.Controllers.HomeController|NLog injected into HomeController 
2022-07-15 08:51:12.7218|1|DEBUG|ERD.Controllers.HomeController|NLog injected into HomeController 
2022-07-15 08:51:12.7535|1|DEBUG|ERD.Controllers.HomeController|NLog injected into HomeController 
2022-07-15 08:51:12.7862|1|DEBUG|ERD.Controllers.HomeController|NLog injected into HomeController 
2022-07-15 08:51:12.8203|1|DEBUG|ERD.Controllers.HomeController|NLog injected into HomeController 
2022-07-15 08:51:12.8578|1|DEBUG|ERD.Controllers.HomeController|NLog injected into HomeController 
2022-07-15 08:51:12.9180|1|DEBUG|ERD.Controllers.HomeController|NLog injected into HomeController 
2022-07-15 08:51:12.9469|1|DEBUG|ERD.Controllers.HomeController|NLog injected into HomeController 
2022-07-15 08:51:12.9900|1|DEBUG|ERD.Controllers.HomeController|NLog injected into HomeController 
2022-07-15 08:51:13.0496|1|DEBUG|ERD.Controllers.HomeController|NLog injected into HomeController 
2022-07-15 08:51:13.0904|1|DEBUG|ERD.Controllers.HomeController|NLog injected into HomeController 
2022-07-15 09:06:00.4072|0|DEBUG|Program|init main 
2022-07-15 09:06:02.7971|14|INFO|Microsoft.Hosting.Lifetime|Now listening on: http://localhost:5094 
2022-07-15 09:06:02.8184|0|INFO|Microsoft.Hosting.Lifetime|Application started. Press Ctrl+C to shut down. 
2022-07-15 09:06:02.8184|0|INFO|Microsoft.Hosting.Lifetime|Hosting environment: Development 
2022-07-15 09:06:02.8184|0|INFO|Microsoft.Hosting.Lifetime|Content root path: C:\Users\Radhe\Documents\GitHub\Backup\ERD Phase 1 last backup\ERD\ERD\ 
2022-07-15 09:06:03.5857|3|WARN|Microsoft.AspNetCore.HttpsPolicy.HttpsRedirectionMiddleware|Failed to determine the https port for redirect. 
2022-07-15 09:06:06.6993|1|DEBUG|ERD.Controllers.HomeController|NLog injected into HomeController 
2022-07-15 09:06:14.8793|1|DEBUG|ERD.Controllers.HomeController|NLog injected into HomeController 
2022-07-15 09:06:28.2341|1|DEBUG|ERD.Controllers.HomeController|NLog injected into HomeController 
2022-07-15 09:06:28.2657|1|DEBUG|ERD.Controllers.HomeController|NLog injected into HomeController 
2022-07-15 09:06:33.4706|1|DEBUG|ERD.Controllers.HomeController|NLog injected into HomeController 
2022-07-15 09:06:33.4956|1|DEBUG|ERD.Controllers.HomeController|NLog injected into HomeController 
2022-07-15 09:18:29.1057|0|DEBUG|Program|init main 
2022-07-15 09:18:32.2034|14|INFO|Microsoft.Hosting.Lifetime|Now listening on: http://localhost:5094 
2022-07-15 09:18:32.2263|0|INFO|Microsoft.Hosting.Lifetime|Application started. Press Ctrl+C to shut down. 
2022-07-15 09:18:32.2263|0|INFO|Microsoft.Hosting.Lifetime|Hosting environment: Development 
2022-07-15 09:18:32.2263|0|INFO|Microsoft.Hosting.Lifetime|Content root path: C:\Users\Radhe\Documents\GitHub\Backup\ERD Phase 1 last backup\ERD\ERD\ 
2022-07-15 09:18:33.7199|3|WARN|Microsoft.AspNetCore.HttpsPolicy.HttpsRedirectionMiddleware|Failed to determine the https port for redirect. 
2022-07-15 09:18:34.5801|1|DEBUG|ERD.Controllers.HomeController|NLog injected into HomeController 
2022-07-15 09:18:47.3828|1|DEBUG|ERD.Controllers.HomeController|NLog injected into HomeController 
2022-07-15 09:18:47.6522|1|DEBUG|ERD.Controllers.HomeController|NLog injected into HomeController 
2022-07-15 09:19:03.6249|1|DEBUG|ERD.Controllers.HomeController|NLog injected into HomeController 
2022-07-15 09:19:03.7336|1|DEBUG|ERD.Controllers.HomeController|NLog injected into HomeController 
2022-07-15 09:19:04.7622|1|DEBUG|ERD.Controllers.HomeController|NLog injected into HomeController 
2022-07-15 09:19:04.8581|1|DEBUG|ERD.Controllers.HomeController|NLog injected into HomeController 
2022-07-15 09:19:07.8557|1|DEBUG|ERD.Controllers.HomeController|NLog injected into HomeController 
2022-07-15 09:19:07.9437|1|DEBUG|ERD.Controllers.HomeController|NLog injected into HomeController 
2022-07-15 09:28:49.4105|0|DEBUG|Program|init main 
2022-07-15 09:28:52.9182|14|INFO|Microsoft.Hosting.Lifetime|Now listening on: http://localhost:5094 
2022-07-15 09:28:52.9971|0|INFO|Microsoft.Hosting.Lifetime|Application started. Press Ctrl+C to shut down. 
2022-07-15 09:28:53.0532|0|INFO|Microsoft.Hosting.Lifetime|Hosting environment: Development 
2022-07-15 09:28:53.0698|0|INFO|Microsoft.Hosting.Lifetime|Content root path: C:\Users\Radhe\Documents\GitHub\Backup\ERD Phase 1 last backup\ERD\ERD\ 
2022-07-15 09:28:54.8559|3|WARN|Microsoft.AspNetCore.HttpsPolicy.HttpsRedirectionMiddleware|Failed to determine the https port for redirect. 
2022-07-15 09:28:55.8353|1|DEBUG|ERD.Controllers.HomeController|NLog injected into HomeController 
2022-07-15 09:29:06.6329|1|DEBUG|ERD.Controllers.HomeController|NLog injected into HomeController 
2022-07-15 09:29:06.8860|1|DEBUG|ERD.Controllers.HomeController|NLog injected into HomeController 
2022-07-15 09:29:10.3415|1|DEBUG|ERD.Controllers.HomeController|NLog injected into HomeController 
2022-07-15 09:29:10.4790|1|DEBUG|ERD.Controllers.HomeController|NLog injected into HomeController 
2022-07-15 09:29:11.7075|1|DEBUG|ERD.Controllers.HomeController|NLog injected into HomeController 
2022-07-15 09:29:11.8376|1|DEBUG|ERD.Controllers.HomeController|NLog injected into HomeController 
2022-07-15 09:29:28.8078|1|DEBUG|ERD.Controllers.HomeController|NLog injected into HomeController 
2022-07-15 09:29:29.9861|1|DEBUG|ERD.Controllers.HomeController|NLog injected into HomeController 
2022-07-15 09:30:49.2529|0|DEBUG|Program|init main 
2022-07-15 09:30:52.8282|14|INFO|Microsoft.Hosting.Lifetime|Now listening on: http://localhost:5094 
2022-07-15 09:30:52.9016|0|INFO|Microsoft.Hosting.Lifetime|Application started. Press Ctrl+C to shut down. 
2022-07-15 09:30:52.9016|0|INFO|Microsoft.Hosting.Lifetime|Hosting environment: Development 
2022-07-15 09:30:52.9095|0|INFO|Microsoft.Hosting.Lifetime|Content root path: C:\Users\Radhe\Documents\GitHub\Backup\ERD Phase 1 last backup\ERD\ERD\ 
2022-07-15 09:30:54.2696|3|WARN|Microsoft.AspNetCore.HttpsPolicy.HttpsRedirectionMiddleware|Failed to determine the https port for redirect. 
2022-07-15 09:30:55.6987|1|DEBUG|ERD.Controllers.HomeController|NLog injected into HomeController 
2022-07-15 09:34:15.9930|0|DEBUG|Program|init main 
2022-07-15 09:34:17.8895|14|INFO|Microsoft.Hosting.Lifetime|Now listening on: http://localhost:5094 
2022-07-15 09:34:17.9198|0|INFO|Microsoft.Hosting.Lifetime|Application started. Press Ctrl+C to shut down. 
2022-07-15 09:34:17.9198|0|INFO|Microsoft.Hosting.Lifetime|Hosting environment: Development 
2022-07-15 09:34:17.9198|0|INFO|Microsoft.Hosting.Lifetime|Content root path: C:\Users\Radhe\Documents\GitHub\Backup\ERD Phase 1 last backup\ERD\ERD\ 
2022-07-15 09:34:20.3531|3|WARN|Microsoft.AspNetCore.HttpsPolicy.HttpsRedirectionMiddleware|Failed to determine the https port for redirect. 
2022-07-15 09:34:21.0486|1|DEBUG|ERD.Controllers.HomeController|NLog injected into HomeController 
2022-07-15 09:35:21.3484|0|DEBUG|Program|init main 
2022-07-15 09:35:23.8692|14|INFO|Microsoft.Hosting.Lifetime|Now listening on: http://localhost:5094 
2022-07-15 09:35:23.8932|0|INFO|Microsoft.Hosting.Lifetime|Application started. Press Ctrl+C to shut down. 
2022-07-15 09:35:23.8957|0|INFO|Microsoft.Hosting.Lifetime|Hosting environment: Development 
2022-07-15 09:35:23.8957|0|INFO|Microsoft.Hosting.Lifetime|Content root path: C:\Users\Radhe\Documents\GitHub\Backup\ERD Phase 1 last backup\ERD\ERD\ 
2022-07-15 09:35:25.2612|3|WARN|Microsoft.AspNetCore.HttpsPolicy.HttpsRedirectionMiddleware|Failed to determine the https port for redirect. 
2022-07-15 09:35:25.7772|1|DEBUG|ERD.Controllers.HomeController|NLog injected into HomeController 
2022-07-15 09:44:29.2879|0|DEBUG|Program|init main 
2022-07-15 09:44:31.7593|14|INFO|Microsoft.Hosting.Lifetime|Now listening on: http://localhost:5094 
2022-07-15 09:44:31.7785|0|INFO|Microsoft.Hosting.Lifetime|Application started. Press Ctrl+C to shut down. 
2022-07-15 09:44:31.7785|0|INFO|Microsoft.Hosting.Lifetime|Hosting environment: Development 
2022-07-15 09:44:31.7785|0|INFO|Microsoft.Hosting.Lifetime|Content root path: C:\Users\Radhe\Documents\GitHub\Backup\ERD Phase 1 last backup\ERD\ERD\ 
2022-07-15 09:44:33.8188|3|WARN|Microsoft.AspNetCore.HttpsPolicy.HttpsRedirectionMiddleware|Failed to determine the https port for redirect. 
2022-07-15 09:44:37.1460|1|DEBUG|ERD.Controllers.HomeController|NLog injected into HomeController 
2022-07-15 10:12:11.3299|0|DEBUG|Program|init main 
2022-07-15 10:12:14.4415|14|INFO|Microsoft.Hosting.Lifetime|Now listening on: http://localhost:5094 
2022-07-15 10:12:14.4758|0|INFO|Microsoft.Hosting.Lifetime|Application started. Press Ctrl+C to shut down. 
2022-07-15 10:12:14.4758|0|INFO|Microsoft.Hosting.Lifetime|Hosting environment: Development 
2022-07-15 10:12:14.4758|0|INFO|Microsoft.Hosting.Lifetime|Content root path: C:\Users\Radhe\Documents\GitHub\Backup\ERD Phase 1 last backup\ERD\ERD\ 
2022-07-15 10:12:16.3868|3|WARN|Microsoft.AspNetCore.HttpsPolicy.HttpsRedirectionMiddleware|Failed to determine the https port for redirect. 
2022-07-15 10:12:17.4186|1|DEBUG|ERD.Controllers.HomeController|NLog injected into HomeController 
2022-07-15 10:12:30.0235|1|DEBUG|ERD.Controllers.HomeController|NLog injected into HomeController 
2022-07-15 10:12:30.2507|1|DEBUG|ERD.Controllers.HomeController|NLog injected into HomeController 
2022-07-15 10:33:07.3929|0|DEBUG|Program|init main 
2022-07-15 10:33:08.9751|14|INFO|Microsoft.Hosting.Lifetime|Now listening on: http://localhost:5094 
2022-07-15 10:33:08.9909|0|INFO|Microsoft.Hosting.Lifetime|Application started. Press Ctrl+C to shut down. 
2022-07-15 10:33:08.9909|0|INFO|Microsoft.Hosting.Lifetime|Hosting environment: Development 
2022-07-15 10:33:08.9909|0|INFO|Microsoft.Hosting.Lifetime|Content root path: C:\Users\Radhe\Documents\GitHub\Backup\ERD Phase 1 last backup\ERD\ERD\ 
2022-07-15 10:33:10.1164|3|WARN|Microsoft.AspNetCore.HttpsPolicy.HttpsRedirectionMiddleware|Failed to determine the https port for redirect. 
2022-07-15 10:33:13.1405|1|DEBUG|ERD.Controllers.HomeController|NLog injected into HomeController 
2022-07-15 10:51:51.9651|1|DEBUG|ERD.Controllers.HomeController|NLog injected into HomeController 
2022-07-15 10:51:52.1495|1|DEBUG|ERD.Controllers.HomeController|NLog injected into HomeController 
2022-07-15 10:54:38.5994|0|DEBUG|Program|init main 
2022-07-15 10:54:40.6118|14|INFO|Microsoft.Hosting.Lifetime|Now listening on: http://localhost:5094 
2022-07-15 10:54:40.6611|0|INFO|Microsoft.Hosting.Lifetime|Application started. Press Ctrl+C to shut down. 
2022-07-15 10:54:40.6611|0|INFO|Microsoft.Hosting.Lifetime|Hosting environment: Development 
2022-07-15 10:54:40.6611|0|INFO|Microsoft.Hosting.Lifetime|Content root path: C:\Users\Radhe\Documents\GitHub\Backup\ERD Phase 1 last backup\ERD\ERD\ 
2022-07-15 10:54:41.9292|3|WARN|Microsoft.AspNetCore.HttpsPolicy.HttpsRedirectionMiddleware|Failed to determine the https port for redirect. 
2022-07-15 10:54:42.7398|1|DEBUG|ERD.Controllers.HomeController|NLog injected into HomeController 
2022-07-15 12:00:49.3955|0|DEBUG|Program|init main 
2022-07-15 12:00:51.6594|14|INFO|Microsoft.Hosting.Lifetime|Now listening on: http://localhost:5094 
2022-07-15 12:00:51.7130|0|INFO|Microsoft.Hosting.Lifetime|Application started. Press Ctrl+C to shut down. 
2022-07-15 12:00:51.7130|0|INFO|Microsoft.Hosting.Lifetime|Hosting environment: Development 
2022-07-15 12:00:51.7331|0|INFO|Microsoft.Hosting.Lifetime|Content root path: C:\Users\Radhe\Documents\GitHub\Backup\ERD Phase 1 last backup\ERD\ERD\ 
2022-07-15 12:00:53.4240|3|WARN|Microsoft.AspNetCore.HttpsPolicy.HttpsRedirectionMiddleware|Failed to determine the https port for redirect. 
2022-07-15 12:00:56.4473|1|DEBUG|ERD.Controllers.HomeController|NLog injected into HomeController 
2022-07-15 12:01:09.3510|1|DEBUG|ERD.Controllers.HomeController|NLog injected into HomeController 
2022-07-15 12:01:09.4950|1|DEBUG|ERD.Controllers.HomeController|NLog injected into HomeController 
2022-07-15 12:02:40.2350|1|DEBUG|ERD.Controllers.HomeController|NLog injected into HomeController 
2022-07-15 12:33:44.7570|0|DEBUG|Program|init main 
2022-07-15 12:33:50.2133|14|INFO|Microsoft.Hosting.Lifetime|Now listening on: http://localhost:5094 
2022-07-15 12:33:50.2905|0|INFO|Microsoft.Hosting.Lifetime|Application started. Press Ctrl+C to shut down. 
2022-07-15 12:33:50.3245|0|INFO|Microsoft.Hosting.Lifetime|Hosting environment: Development 
2022-07-15 12:33:50.3353|0|INFO|Microsoft.Hosting.Lifetime|Content root path: C:\Users\Radhe\Documents\GitHub\Backup\ERD Phase 1 last backup\ERD\ERD\ 
2022-07-15 12:33:52.4375|3|WARN|Microsoft.AspNetCore.HttpsPolicy.HttpsRedirectionMiddleware|Failed to determine the https port for redirect. 
2022-07-15 12:33:58.0417|1|DEBUG|ERD.Controllers.HomeController|NLog injected into HomeController 
2022-07-15 12:34:32.0041|1|DEBUG|ERD.Controllers.VenuesController|NLog injected into Venues Controller 
2022-07-15 12:34:41.2385|1|DEBUG|ERD.Controllers.TeamsController|NLog injected into Teams Controller 
2022-07-15 12:34:49.1015|1|DEBUG|ERD.Controllers.HomeController|NLog injected into HomeController 
2022-07-15 12:34:51.6770|1|DEBUG|ERD.Controllers.HomeController|NLog injected into HomeController 
2022-07-15 12:34:51.8637|1|DEBUG|ERD.Controllers.HomeController|NLog injected into HomeController 
2022-07-15 12:35:05.5477|1|DEBUG|ERD.Controllers.HomeController|NLog injected into HomeController 
2022-07-15 12:35:52.5922|1|DEBUG|ERD.Controllers.HomeController|NLog injected into HomeController 
2022-07-15 12:35:52.8998|1|DEBUG|ERD.Controllers.HomeController|NLog injected into HomeController 
2022-07-15 14:58:20.7775|0|DEBUG|Program|init main 
2022-07-15 14:58:22.1574|14|INFO|Microsoft.Hosting.Lifetime|Now listening on: http://localhost:5094 
2022-07-15 14:58:22.2510|0|INFO|Microsoft.Hosting.Lifetime|Application started. Press Ctrl+C to shut down. 
2022-07-15 14:58:22.2993|0|INFO|Microsoft.Hosting.Lifetime|Hosting environment: Development 
2022-07-15 14:58:22.3145|0|INFO|Microsoft.Hosting.Lifetime|Content root path: C:\Users\Radhe\Documents\GitHub\Backup\ERD Phase 1 last backup\ERD\ERD\ 
2022-07-15 14:58:24.6546|3|WARN|Microsoft.AspNetCore.HttpsPolicy.HttpsRedirectionMiddleware|Failed to determine the https port for redirect. 
2022-07-15 14:58:27.7935|1|DEBUG|ERD.Controllers.HomeController|NLog injected into HomeController 
2022-07-15 15:00:19.6015|1|DEBUG|ERD.Controllers.HomeController|NLog injected into HomeController 
2022-07-15 15:00:19.7554|1|DEBUG|ERD.Controllers.HomeController|NLog injected into HomeController 
2022-07-15 15:00:22.1366|1|DEBUG|ERD.Controllers.HomeController|NLog injected into HomeController 
2022-07-15 15:00:22.3279|1|DEBUG|ERD.Controllers.HomeController|NLog injected into HomeController 
2022-07-15 15:00:23.2557|1|DEBUG|ERD.Controllers.HomeController|NLog injected into HomeController 
2022-07-15 15:00:23.3953|1|DEBUG|ERD.Controllers.HomeController|NLog injected into HomeController 
