2022-06-01 10:02:52.8031|0|DEBUG|Program|init main 
2022-06-01 10:02:57.9646|14|INFO|Microsoft.Hosting.Lifetime|Now listening on: http://localhost:5094 
2022-06-01 10:02:58.0048|0|INFO|Microsoft.Hosting.Lifetime|Application started. Press Ctrl+C to shut down. 
2022-06-01 10:02:58.0048|0|INFO|Microsoft.Hosting.Lifetime|Hosting environment: Development 
2022-06-01 10:02:58.0048|0|INFO|Microsoft.Hosting.Lifetime|Content root path: C:\Users\Radhe\Documents\GitHub\Backup\ERD Phase 1 last backup\ERD\ERD\ 
2022-06-01 10:03:00.1444|3|WARN|Microsoft.AspNetCore.HttpsPolicy.HttpsRedirectionMiddleware|Failed to determine the https port for redirect. 
2022-06-01 10:03:07.7600|1|DEBUG|ERD.Controllers.HomeController|NLog injected into HomeController 
2022-06-01 10:03:08.0385|0|INFO|ERD.Controllers.HomeController|Hello, this is the index! 
2022-06-01 10:03:12.5402|1|DEBUG|ERD.Controllers.BookingsController|NLog injected into Bookings Controller 
2022-06-01 10:03:17.8798|1|DEBUG|ERD.Controllers.BookingsController|NLog injected into Bookings Controller 
2022-06-01 10:03:40.9687|1|DEBUG|ERD.Controllers.TeamsController|NLog injected into Teams Controller 
2022-06-01 10:03:45.2132|1|DEBUG|ERD.Controllers.TeamsController|NLog injected into Teams Controller 
2022-06-01 10:03:52.3543|1|DEBUG|ERD.Controllers.EnrollmentsController|NLog injected Enrollments Controller 
2022-06-01 10:03:56.8984|1|DEBUG|ERD.Controllers.EnrollmentsController|NLog injected Enrollments Controller 
2022-06-01 10:05:08.7585|1|DEBUG|ERD.Controllers.BookingsController|NLog injected into Bookings Controller 
2022-06-01 10:05:23.3453|1|DEBUG|ERD.Controllers.EnrollmentsController|NLog injected Enrollments Controller 
2022-06-01 10:05:26.7117|1|DEBUG|ERD.Controllers.TeamsController|NLog injected into Teams Controller 
2022-06-01 10:05:30.5235|1|DEBUG|ERD.Controllers.TeamsController|NLog injected into Teams Controller 
2022-06-01 10:05:39.7820|1|DEBUG|ERD.Controllers.BookingsController|NLog injected into Bookings Controller 
2022-06-01 10:05:42.1167|1|DEBUG|ERD.Controllers.BookingsController|NLog injected into Bookings Controller 
2022-06-01 10:05:58.6928|1|DEBUG|ERD.Controllers.VenuesController|NLog injected into Venues Controller 
2022-06-01 10:06:01.3777|1|DEBUG|ERD.Controllers.VenuesController|NLog injected into Venues Controller 
2022-06-01 10:06:05.6270|1|DEBUG|ERD.Controllers.BookingsController|NLog injected into Bookings Controller 
2022-06-01 10:06:13.1622|1|DEBUG|ERD.Controllers.EnrollmentsController|NLog injected Enrollments Controller 
2022-06-01 10:06:17.8362|1|DEBUG|ERD.Controllers.BookingsController|NLog injected into Bookings Controller 
2022-06-01 10:06:20.3341|1|DEBUG|ERD.Controllers.BookingsController|NLog injected into Bookings Controller 
2022-06-01 10:13:27.1728|1|DEBUG|ERD.Controllers.TeamsController|NLog injected into Teams Controller 
2022-06-01 10:13:35.1843|1|DEBUG|ERD.Controllers.TeamsController|NLog injected into Teams Controller 
2022-06-01 10:13:45.8020|1|DEBUG|ERD.Controllers.TeamsController|NLog injected into Teams Controller 
2022-06-01 10:13:48.2488|1|DEBUG|ERD.Controllers.TeamsController|NLog injected into Teams Controller 
2022-06-01 10:13:59.8929|1|DEBUG|ERD.Controllers.BookingsController|NLog injected into Bookings Controller 
2022-06-01 10:14:01.5974|1|DEBUG|ERD.Controllers.BookingsController|NLog injected into Bookings Controller 
2022-06-01 10:14:04.6206|1|DEBUG|ERD.Controllers.VenuesController|NLog injected into Venues Controller 
2022-06-01 10:14:07.8753|1|DEBUG|ERD.Controllers.VenuesController|NLog injected into Venues Controller 
2022-06-01 10:14:11.0911|1|DEBUG|ERD.Controllers.VenuesController|NLog injected into Venues Controller 
2022-06-01 10:14:14.9431|1|DEBUG|ERD.Controllers.BookingsController|NLog injected into Bookings Controller 
2022-06-01 10:14:16.2299|1|DEBUG|ERD.Controllers.BookingsController|NLog injected into Bookings Controller 
2022-06-01 10:14:27.6764|1|DEBUG|ERD.Controllers.TeamsController|NLog injected into Teams Controller 
2022-06-01 10:14:29.5592|1|DEBUG|ERD.Controllers.TeamsController|NLog injected into Teams Controller 
2022-06-01 10:14:43.4583|1|DEBUG|ERD.Controllers.EnrollmentsController|NLog injected Enrollments Controller 
2022-06-01 10:14:49.2357|1|DEBUG|ERD.Controllers.EnrollmentsController|NLog injected Enrollments Controller 
2022-06-01 11:41:41.6799|0|DEBUG|Program|init main 
2022-06-01 11:41:45.1987|14|INFO|Microsoft.Hosting.Lifetime|Now listening on: http://localhost:5094 
2022-06-01 11:41:45.2518|0|INFO|Microsoft.Hosting.Lifetime|Application started. Press Ctrl+C to shut down. 
2022-06-01 11:41:45.2565|0|INFO|Microsoft.Hosting.Lifetime|Hosting environment: Development 
2022-06-01 11:41:45.2565|0|INFO|Microsoft.Hosting.Lifetime|Content root path: C:\Users\Radhe\Documents\GitHub\Backup\ERD Phase 1 last backup\ERD\ERD\ 
2022-06-01 11:41:47.4345|3|WARN|Microsoft.AspNetCore.HttpsPolicy.HttpsRedirectionMiddleware|Failed to determine the https port for redirect. 
2022-06-01 11:41:54.8151|1|DEBUG|ERD.Controllers.HomeController|NLog injected into HomeController 
2022-06-01 11:41:55.1741|0|INFO|ERD.Controllers.HomeController|Hello, this is the index! 
2022-06-01 11:41:59.0459|1|DEBUG|ERD.Controllers.EnrollmentsController|NLog injected Enrollments Controller 
2022-06-01 11:42:00.6922|1|DEBUG|ERD.Controllers.EnrollmentsController|NLog injected Enrollments Controller 
2022-06-01 11:42:12.7536|1|DEBUG|ERD.Controllers.EnrollmentsController|NLog injected Enrollments Controller 
2022-06-01 11:42:17.4312|1|DEBUG|ERD.Controllers.EnrollmentsController|NLog injected Enrollments Controller 
2022-06-01 11:42:20.4751|1|DEBUG|ERD.Controllers.EnrollmentsController|NLog injected Enrollments Controller 
2022-06-01 11:42:30.1574|1|DEBUG|ERD.Controllers.EnrollmentsController|NLog injected Enrollments Controller 
2022-06-01 11:42:32.2212|1|DEBUG|ERD.Controllers.EnrollmentsController|NLog injected Enrollments Controller 
2022-06-01 12:17:16.4555|0|DEBUG|Program|init main 
2022-06-01 12:17:21.2400|14|INFO|Microsoft.Hosting.Lifetime|Now listening on: http://localhost:5094 
2022-06-01 12:17:21.2832|0|INFO|Microsoft.Hosting.Lifetime|Application started. Press Ctrl+C to shut down. 
2022-06-01 12:17:21.2832|0|INFO|Microsoft.Hosting.Lifetime|Hosting environment: Development 
2022-06-01 12:17:21.2832|0|INFO|Microsoft.Hosting.Lifetime|Content root path: C:\Users\Radhe\Documents\GitHub\Backup\ERD Phase 1 last backup\ERD\ERD\ 
2022-06-01 12:17:24.0082|3|WARN|Microsoft.AspNetCore.HttpsPolicy.HttpsRedirectionMiddleware|Failed to determine the https port for redirect. 
2022-06-01 12:17:32.3340|1|DEBUG|ERD.Controllers.HomeController|NLog injected into HomeController 
2022-06-01 12:17:32.6275|0|INFO|ERD.Controllers.HomeController|Hello, this is the index! 
2022-06-01 12:17:35.9296|1|DEBUG|ERD.Controllers.EnrollmentsController|NLog injected Enrollments Controller 
2022-06-01 12:17:37.7993|1|DEBUG|ERD.Controllers.EnrollmentsController|NLog injected Enrollments Controller 
2022-06-01 12:18:12.0127|1|DEBUG|ERD.Controllers.EnrollmentsController|NLog injected Enrollments Controller 
2022-06-01 12:19:52.2390|0|DEBUG|Program|init main 
2022-06-01 12:19:55.6445|14|INFO|Microsoft.Hosting.Lifetime|Now listening on: http://localhost:5094 
2022-06-01 12:19:55.6987|0|INFO|Microsoft.Hosting.Lifetime|Application started. Press Ctrl+C to shut down. 
2022-06-01 12:19:55.6987|0|INFO|Microsoft.Hosting.Lifetime|Hosting environment: Development 
2022-06-01 12:19:55.6987|0|INFO|Microsoft.Hosting.Lifetime|Content root path: C:\Users\Radhe\Documents\GitHub\Backup\ERD Phase 1 last backup\ERD\ERD\ 
2022-06-01 12:19:57.5015|3|WARN|Microsoft.AspNetCore.HttpsPolicy.HttpsRedirectionMiddleware|Failed to determine the https port for redirect. 
2022-06-01 12:19:59.2010|1|DEBUG|ERD.Controllers.HomeController|NLog injected into HomeController 
2022-06-01 12:20:03.8108|0|INFO|ERD.Controllers.HomeController|Hello, this is the index! 
2022-06-01 12:20:08.0418|1|DEBUG|ERD.Controllers.EnrollmentsController|NLog injected Enrollments Controller 
2022-06-01 12:20:10.1642|1|DEBUG|ERD.Controllers.EnrollmentsController|NLog injected Enrollments Controller 
2022-06-01 12:20:20.2135|1|DEBUG|ERD.Controllers.EnrollmentsController|NLog injected Enrollments Controller 
2022-06-01 12:20:25.8103|1|DEBUG|ERD.Controllers.EnrollmentsController|NLog injected Enrollments Controller 
2022-06-01 12:20:28.0621|1|DEBUG|ERD.Controllers.EnrollmentsController|NLog injected Enrollments Controller 
2022-06-01 12:20:32.1902|1|DEBUG|ERD.Controllers.EnrollmentsController|NLog injected Enrollments Controller 
2022-06-01 12:21:25.2261|0|DEBUG|Program|init main 
2022-06-01 12:21:28.3763|14|INFO|Microsoft.Hosting.Lifetime|Now listening on: http://localhost:5094 
2022-06-01 12:21:28.4931|0|INFO|Microsoft.Hosting.Lifetime|Application started. Press Ctrl+C to shut down. 
2022-06-01 12:21:28.5191|0|INFO|Microsoft.Hosting.Lifetime|Hosting environment: Development 
2022-06-01 12:21:28.5472|0|INFO|Microsoft.Hosting.Lifetime|Content root path: C:\Users\Radhe\Documents\GitHub\Backup\ERD Phase 1 last backup\ERD\ERD\ 
2022-06-01 12:21:30.3641|3|WARN|Microsoft.AspNetCore.HttpsPolicy.HttpsRedirectionMiddleware|Failed to determine the https port for redirect. 
2022-06-01 12:21:31.4151|1|DEBUG|ERD.Controllers.HomeController|NLog injected into HomeController 
2022-06-01 12:21:35.2063|0|INFO|ERD.Controllers.HomeController|Hello, this is the index! 
2022-06-01 12:21:38.6954|1|DEBUG|ERD.Controllers.EnrollmentsController|NLog injected Enrollments Controller 
2022-06-01 12:21:42.0581|1|DEBUG|ERD.Controllers.EnrollmentsController|NLog injected Enrollments Controller 
2022-06-01 12:24:31.5279|0|DEBUG|Program|init main 
2022-06-01 12:24:36.5457|14|INFO|Microsoft.Hosting.Lifetime|Now listening on: http://localhost:5094 
2022-06-01 12:24:36.6250|0|INFO|Microsoft.Hosting.Lifetime|Application started. Press Ctrl+C to shut down. 
2022-06-01 12:24:36.6300|0|INFO|Microsoft.Hosting.Lifetime|Hosting environment: Development 
2022-06-01 12:24:36.6300|0|INFO|Microsoft.Hosting.Lifetime|Content root path: C:\Users\Radhe\Documents\GitHub\Backup\ERD Phase 1 last backup\ERD\ERD\ 
2022-06-01 12:24:38.4415|3|WARN|Microsoft.AspNetCore.HttpsPolicy.HttpsRedirectionMiddleware|Failed to determine the https port for redirect. 
2022-06-01 12:24:39.3400|1|DEBUG|ERD.Controllers.HomeController|NLog injected into HomeController 
2022-06-01 12:24:47.1035|0|INFO|ERD.Controllers.HomeController|Hello, this is the index! 
2022-06-01 12:25:07.8425|1|DEBUG|ERD.Controllers.EnrollmentsController|NLog injected Enrollments Controller 
2022-06-01 12:25:09.7946|1|DEBUG|ERD.Controllers.EnrollmentsController|NLog injected Enrollments Controller 
2022-06-01 12:29:38.6064|0|DEBUG|Program|init main 
2022-06-01 12:29:41.0422|14|INFO|Microsoft.Hosting.Lifetime|Now listening on: http://localhost:5094 
2022-06-01 12:29:41.0864|0|INFO|Microsoft.Hosting.Lifetime|Application started. Press Ctrl+C to shut down. 
2022-06-01 12:29:41.0864|0|INFO|Microsoft.Hosting.Lifetime|Hosting environment: Development 
2022-06-01 12:29:41.0864|0|INFO|Microsoft.Hosting.Lifetime|Content root path: C:\Users\Radhe\Documents\GitHub\Backup\ERD Phase 1 last backup\ERD\ERD\ 
2022-06-01 12:29:43.2445|3|WARN|Microsoft.AspNetCore.HttpsPolicy.HttpsRedirectionMiddleware|Failed to determine the https port for redirect. 
2022-06-01 12:29:43.9829|1|DEBUG|ERD.Controllers.HomeController|NLog injected into HomeController 
2022-06-01 12:29:48.1836|0|INFO|ERD.Controllers.HomeController|Hello, this is the index! 
2022-06-01 12:29:53.2454|1|DEBUG|ERD.Controllers.EnrollmentsController|NLog injected Enrollments Controller 
2022-06-01 12:29:54.4875|1|DEBUG|ERD.Controllers.EnrollmentsController|NLog injected Enrollments Controller 
2022-06-01 12:38:02.2044|0|DEBUG|Program|init main 
2022-06-01 12:38:06.8310|14|INFO|Microsoft.Hosting.Lifetime|Now listening on: http://localhost:5094 
2022-06-01 12:38:06.9491|0|INFO|Microsoft.Hosting.Lifetime|Application started. Press Ctrl+C to shut down. 
2022-06-01 12:38:06.9621|0|INFO|Microsoft.Hosting.Lifetime|Hosting environment: Development 
2022-06-01 12:38:06.9621|0|INFO|Microsoft.Hosting.Lifetime|Content root path: C:\Users\Radhe\Documents\GitHub\Backup\ERD Phase 1 last backup\ERD\ERD\ 
2022-06-01 12:38:09.2155|3|WARN|Microsoft.AspNetCore.HttpsPolicy.HttpsRedirectionMiddleware|Failed to determine the https port for redirect. 
2022-06-01 12:38:10.1717|1|DEBUG|ERD.Controllers.HomeController|NLog injected into HomeController 
2022-06-01 12:38:17.1547|0|INFO|ERD.Controllers.HomeController|Hello, this is the index! 
2022-06-01 12:39:26.0145|1|DEBUG|ERD.Controllers.EnrollmentsController|NLog injected Enrollments Controller 
2022-06-01 12:39:27.5002|1|DEBUG|ERD.Controllers.EnrollmentsController|NLog injected Enrollments Controller 
2022-06-01 12:41:01.2750|0|DEBUG|Program|init main 
2022-06-01 12:41:04.7544|14|INFO|Microsoft.Hosting.Lifetime|Now listening on: http://localhost:5094 
2022-06-01 12:41:04.7903|0|INFO|Microsoft.Hosting.Lifetime|Application started. Press Ctrl+C to shut down. 
2022-06-01 12:41:04.7903|0|INFO|Microsoft.Hosting.Lifetime|Hosting environment: Development 
2022-06-01 12:41:04.7903|0|INFO|Microsoft.Hosting.Lifetime|Content root path: C:\Users\Radhe\Documents\GitHub\Backup\ERD Phase 1 last backup\ERD\ERD\ 
2022-06-01 12:41:07.1857|3|WARN|Microsoft.AspNetCore.HttpsPolicy.HttpsRedirectionMiddleware|Failed to determine the https port for redirect. 
2022-06-01 12:41:07.8905|1|DEBUG|ERD.Controllers.HomeController|NLog injected into HomeController 
2022-06-01 12:41:13.6610|0|INFO|ERD.Controllers.HomeController|Hello, this is the index! 
2022-06-01 12:41:19.4151|1|DEBUG|ERD.Controllers.EnrollmentsController|NLog injected Enrollments Controller 
2022-06-01 12:41:22.4404|1|DEBUG|ERD.Controllers.EnrollmentsController|NLog injected Enrollments Controller 
2022-06-01 12:41:53.0702|1|DEBUG|ERD.Controllers.EnrollmentsController|NLog injected Enrollments Controller 
2022-06-01 12:41:54.9572|1|DEBUG|ERD.Controllers.EnrollmentsController|NLog injected Enrollments Controller 
2022-06-01 12:42:01.4752|1|DEBUG|ERD.Controllers.EnrollmentsController|NLog injected Enrollments Controller 
2022-06-01 12:42:22.6306|1|DEBUG|ERD.Controllers.HomeController|NLog injected into HomeController 
2022-06-01 12:42:22.6770|0|INFO|ERD.Controllers.HomeController|Hello, this is the index! 
2022-06-01 12:45:14.4461|0|DEBUG|Program|init main 
2022-06-01 12:45:17.5764|14|INFO|Microsoft.Hosting.Lifetime|Now listening on: http://localhost:5094 
2022-06-01 12:45:17.6637|0|INFO|Microsoft.Hosting.Lifetime|Application started. Press Ctrl+C to shut down. 
2022-06-01 12:45:17.6637|0|INFO|Microsoft.Hosting.Lifetime|Hosting environment: Development 
2022-06-01 12:45:17.6763|0|INFO|Microsoft.Hosting.Lifetime|Content root path: C:\Users\Radhe\Documents\GitHub\Backup\ERD Phase 1 last backup\ERD\ERD\ 
2022-06-01 12:45:19.7404|3|WARN|Microsoft.AspNetCore.HttpsPolicy.HttpsRedirectionMiddleware|Failed to determine the https port for redirect. 
2022-06-01 12:45:21.0548|1|DEBUG|ERD.Controllers.HomeController|NLog injected into HomeController 
2022-06-01 12:45:25.9948|0|INFO|ERD.Controllers.HomeController|Hello, this is the index! 
2022-06-01 12:45:31.4789|1|DEBUG|ERD.Controllers.EnrollmentsController|NLog injected Enrollments Controller 
2022-06-01 12:45:33.6614|1|DEBUG|ERD.Controllers.EnrollmentsController|NLog injected Enrollments Controller 
2022-06-01 12:46:10.4132|0|DEBUG|Program|init main 
2022-06-01 12:46:14.4219|14|INFO|Microsoft.Hosting.Lifetime|Now listening on: http://localhost:5094 
2022-06-01 12:46:14.4617|0|INFO|Microsoft.Hosting.Lifetime|Application started. Press Ctrl+C to shut down. 
2022-06-01 12:46:14.4617|0|INFO|Microsoft.Hosting.Lifetime|Hosting environment: Development 
2022-06-01 12:46:14.4709|0|INFO|Microsoft.Hosting.Lifetime|Content root path: C:\Users\Radhe\Documents\GitHub\Backup\ERD Phase 1 last backup\ERD\ERD\ 
2022-06-01 12:46:16.3865|3|WARN|Microsoft.AspNetCore.HttpsPolicy.HttpsRedirectionMiddleware|Failed to determine the https port for redirect. 
2022-06-01 12:46:17.2740|1|DEBUG|ERD.Controllers.HomeController|NLog injected into HomeController 
2022-06-01 12:46:21.9233|0|INFO|ERD.Controllers.HomeController|Hello, this is the index! 
2022-06-01 12:46:36.6327|1|DEBUG|ERD.Controllers.EnrollmentsController|NLog injected Enrollments Controller 
2022-06-01 12:46:38.8761|1|DEBUG|ERD.Controllers.EnrollmentsController|NLog injected Enrollments Controller 
2022-06-01 12:48:37.7893|0|DEBUG|Program|init main 
2022-06-01 12:48:40.8302|14|INFO|Microsoft.Hosting.Lifetime|Now listening on: http://localhost:5094 
2022-06-01 12:48:40.8759|0|INFO|Microsoft.Hosting.Lifetime|Application started. Press Ctrl+C to shut down. 
2022-06-01 12:48:40.8794|0|INFO|Microsoft.Hosting.Lifetime|Hosting environment: Development 
2022-06-01 12:48:40.8794|0|INFO|Microsoft.Hosting.Lifetime|Content root path: C:\Users\Radhe\Documents\GitHub\Backup\ERD Phase 1 last backup\ERD\ERD\ 
2022-06-01 12:48:42.4033|3|WARN|Microsoft.AspNetCore.HttpsPolicy.HttpsRedirectionMiddleware|Failed to determine the https port for redirect. 
2022-06-01 12:48:48.1998|1|DEBUG|ERD.Controllers.HomeController|NLog injected into HomeController 
2022-06-01 12:48:48.4464|0|INFO|ERD.Controllers.HomeController|Hello, this is the index! 
2022-06-01 12:48:53.1414|1|DEBUG|ERD.Controllers.EnrollmentsController|NLog injected Enrollments Controller 
2022-06-01 12:48:55.5846|1|DEBUG|ERD.Controllers.EnrollmentsController|NLog injected Enrollments Controller 
2022-06-01 12:49:09.9245|1|DEBUG|ERD.Controllers.EnrollmentsController|NLog injected Enrollments Controller 
2022-06-01 12:49:12.4825|1|DEBUG|ERD.Controllers.EnrollmentsController|NLog injected Enrollments Controller 
2022-06-01 13:02:20.1722|0|DEBUG|Program|init main 
2022-06-01 13:02:22.2618|14|INFO|Microsoft.Hosting.Lifetime|Now listening on: http://localhost:5094 
2022-06-01 13:02:22.2989|0|INFO|Microsoft.Hosting.Lifetime|Application started. Press Ctrl+C to shut down. 
2022-06-01 13:02:22.2989|0|INFO|Microsoft.Hosting.Lifetime|Hosting environment: Development 
2022-06-01 13:02:22.2989|0|INFO|Microsoft.Hosting.Lifetime|Content root path: C:\Users\Radhe\Documents\GitHub\Backup\ERD Phase 1 last backup\ERD\ERD\ 
2022-06-01 13:02:23.8999|3|WARN|Microsoft.AspNetCore.HttpsPolicy.HttpsRedirectionMiddleware|Failed to determine the https port for redirect. 
2022-06-01 13:02:24.8371|1|DEBUG|ERD.Controllers.HomeController|NLog injected into HomeController 
2022-06-01 13:02:29.0864|0|INFO|ERD.Controllers.HomeController|Hello, this is the index! 
2022-06-01 13:02:34.4636|1|DEBUG|ERD.Controllers.BookingsController|NLog injected into Bookings Controller 
2022-06-01 13:02:36.5029|1|DEBUG|ERD.Controllers.BookingsController|NLog injected into Bookings Controller 
2022-06-01 13:05:03.5530|0|DEBUG|Program|init main 
2022-06-01 13:05:06.8586|14|INFO|Microsoft.Hosting.Lifetime|Now listening on: http://localhost:5094 
2022-06-01 13:05:06.8994|0|INFO|Microsoft.Hosting.Lifetime|Application started. Press Ctrl+C to shut down. 
2022-06-01 13:05:06.9135|0|INFO|Microsoft.Hosting.Lifetime|Hosting environment: Development 
2022-06-01 13:05:06.9135|0|INFO|Microsoft.Hosting.Lifetime|Content root path: C:\Users\Radhe\Documents\GitHub\Backup\ERD Phase 1 last backup\ERD\ERD\ 
2022-06-01 13:05:09.5708|3|WARN|Microsoft.AspNetCore.HttpsPolicy.HttpsRedirectionMiddleware|Failed to determine the https port for redirect. 
2022-06-01 13:56:44.3834|0|DEBUG|Program|init main 
2022-06-01 13:56:47.4537|14|INFO|Microsoft.Hosting.Lifetime|Now listening on: http://localhost:5094 
2022-06-01 13:56:47.4982|0|INFO|Microsoft.Hosting.Lifetime|Application started. Press Ctrl+C to shut down. 
2022-06-01 13:56:47.5064|0|INFO|Microsoft.Hosting.Lifetime|Hosting environment: Development 
2022-06-01 13:56:47.5204|0|INFO|Microsoft.Hosting.Lifetime|Content root path: C:\Users\Radhe\Documents\GitHub\Backup\ERD Phase 1 last backup\ERD\ERD\ 
2022-06-01 13:56:49.3585|3|WARN|Microsoft.AspNetCore.HttpsPolicy.HttpsRedirectionMiddleware|Failed to determine the https port for redirect. 
2022-06-01 13:56:56.5572|1|DEBUG|ERD.Controllers.HomeController|NLog injected into HomeController 
2022-06-01 13:56:56.8871|0|INFO|ERD.Controllers.HomeController|Hello, this is the index! 
2022-06-01 13:57:00.2666|0|INFO|ERD.Areas.Identity.Pages.Account.LogoutModel|User logged out. 
2022-06-01 14:57:42.0508|0|DEBUG|Program|init main 
2022-06-01 14:57:47.0108|14|INFO|Microsoft.Hosting.Lifetime|Now listening on: http://localhost:5094 
2022-06-01 14:57:47.0526|0|INFO|Microsoft.Hosting.Lifetime|Application started. Press Ctrl+C to shut down. 
2022-06-01 14:57:47.0526|0|INFO|Microsoft.Hosting.Lifetime|Hosting environment: Development 
2022-06-01 14:57:47.0526|0|INFO|Microsoft.Hosting.Lifetime|Content root path: C:\Users\Radhe\Documents\GitHub\Backup\ERD Phase 1 last backup\ERD\ERD\ 
2022-06-01 14:57:49.4147|3|WARN|Microsoft.AspNetCore.HttpsPolicy.HttpsRedirectionMiddleware|Failed to determine the https port for redirect. 
2022-06-01 14:58:28.8115|0|INFO|ERD.Areas.Identity.Pages.Account.LoginModel|User logged in. 
2022-06-01 14:58:28.8662|1|DEBUG|ERD.Controllers.HomeController|NLog injected into HomeController 
2022-06-01 14:58:29.2658|0|INFO|ERD.Controllers.HomeController|Hello, this is the index! 
2022-06-01 14:58:31.9813|1|DEBUG|ERD.Controllers.EnrollmentsController|NLog injected Enrollments Controller 
2022-06-01 14:58:33.8675|1|DEBUG|ERD.Controllers.EnrollmentsController|NLog injected Enrollments Controller 
2022-06-01 15:01:10.1561|0|DEBUG|Program|init main 
2022-06-01 15:01:12.7334|14|INFO|Microsoft.Hosting.Lifetime|Now listening on: http://localhost:5094 
2022-06-01 15:01:12.7870|0|INFO|Microsoft.Hosting.Lifetime|Application started. Press Ctrl+C to shut down. 
2022-06-01 15:01:12.7870|0|INFO|Microsoft.Hosting.Lifetime|Hosting environment: Development 
2022-06-01 15:01:12.7870|0|INFO|Microsoft.Hosting.Lifetime|Content root path: C:\Users\Radhe\Documents\GitHub\Backup\ERD Phase 1 last backup\ERD\ERD\ 
2022-06-01 15:01:15.8481|3|WARN|Microsoft.AspNetCore.HttpsPolicy.HttpsRedirectionMiddleware|Failed to determine the https port for redirect. 
2022-06-01 15:01:16.7803|1|DEBUG|ERD.Controllers.HomeController|NLog injected into HomeController 
2022-06-01 15:01:22.5389|0|INFO|ERD.Controllers.HomeController|Hello, this is the index! 
2022-06-01 15:01:26.1943|1|DEBUG|ERD.Controllers.EnrollmentsController|NLog injected Enrollments Controller 
2022-06-01 15:01:28.3487|1|DEBUG|ERD.Controllers.EnrollmentsController|NLog injected Enrollments Controller 
